INFO-FLOW: Workspace /home/caccolillo/Documents/model_composer_am_demod/model_composer_models/sqrt_hls/sqrt_fixed_point/solution1 opened at Sat Dec 28 19:05:01 GMT 2024
Execute     ap_set_clock -name default -period 10 -default=false 
INFO: [SYN 201-201] Setting up clock 'default' with a period of 10ns.
Execute     set_part xc7a35ticsg324-1L 
Execute       create_platform xc7a35ticsg324-1L -board  
DBG:HLSDevice: Trying to load device library: /home/caccolillo/Xilinx_2022_2/Vitis_HLS/2022.2/lib/lnx64.o/libxv_hlsvwrap.so
DBG:HLSDevice: first parts/arch.xml in RDI_DATADIR: /home/caccolillo/Xilinx_2022_2/Vivado/2022.2/data/parts/arch.xml
DBG:HLSDevice: init success
INFO: [HLS 200-1611] Setting target device to 'xc7a35ti-csg324-1L'
Command       create_platform done; 1.56 sec.
Execute       source /home/caccolillo/Xilinx_2022_2/Vitis_HLS/2022.2/common/technology/xilinx/common/xilinx.gen 
Execute         source /home/caccolillo/Xilinx_2022_2/Vitis_HLS/2022.2/common/technology/xilinx/interface/plb46.gen 
Execute         source /home/caccolillo/Xilinx_2022_2/Vitis_HLS/2022.2/common/technology/xilinx/interface/axi4.gen 
Execute         source /home/caccolillo/Xilinx_2022_2/Vitis_HLS/2022.2/common/technology/xilinx/interface/nativeAXI4.gen 
Execute           source /home/caccolillo/Xilinx_2022_2/Vitis_HLS/2022.2/common/technology/xilinx/interface/saxilite.gen 
Execute         source /home/caccolillo/Xilinx_2022_2/Vitis_HLS/2022.2/common/technology/xilinx/scripts/xilinxcoregen.gen 
Execute         source /home/caccolillo/Xilinx_2022_2/Vitis_HLS/2022.2/common/technology/xilinx/interface/XilEDKCoreGen.gen 
Execute         source /home/caccolillo/Xilinx_2022_2/Vitis_HLS/2022.2/common/technology/xilinx/ip/dds_compiler.gen 
Execute         source /home/caccolillo/Xilinx_2022_2/Vitis_HLS/2022.2/common/technology/xilinx/ip/xfft.gen 
Execute         source /home/caccolillo/Xilinx_2022_2/Vitis_HLS/2022.2/common/technology/xilinx/ip/xfir.gen 
Execute         source /home/caccolillo/Xilinx_2022_2/Vitis_HLS/2022.2/common/technology/xilinx/ip/util.gen 
Execute         source /home/caccolillo/Xilinx_2022_2/Vitis_HLS/2022.2/common/technology/xilinx/DSP48/dsp48.gen 
Execute       ap_part_info -name xc7a35ti-csg324-1L -data info 
Execute       config_compile -quiet -complex-mul-dsp=0 
Command     set_part done; 1.69 sec.
Execute     send_msg_by_id INFO @200-1505@%s%s  vivado 
INFO: [HLS 200-1505] Using flow_target 'vivado'
Command   open_solution done; 1.75 sec.
Execute   set_part xc7a35ticsg324-1L 
INFO: [HLS 200-1510] Running: set_part xc7a35ticsg324-1L 
Execute     create_platform xc7a35ticsg324-1L -board  
Execute     source /home/caccolillo/Xilinx_2022_2/Vitis_HLS/2022.2/common/technology/xilinx/common/xilinx.gen 
Execute       source /home/caccolillo/Xilinx_2022_2/Vitis_HLS/2022.2/common/technology/xilinx/interface/plb46.gen 
Execute       source /home/caccolillo/Xilinx_2022_2/Vitis_HLS/2022.2/common/technology/xilinx/interface/axi4.gen 
Execute       source /home/caccolillo/Xilinx_2022_2/Vitis_HLS/2022.2/common/technology/xilinx/interface/nativeAXI4.gen 
Execute         source /home/caccolillo/Xilinx_2022_2/Vitis_HLS/2022.2/common/technology/xilinx/interface/saxilite.gen 
Execute       source /home/caccolillo/Xilinx_2022_2/Vitis_HLS/2022.2/common/technology/xilinx/scripts/xilinxcoregen.gen 
Execute       source /home/caccolillo/Xilinx_2022_2/Vitis_HLS/2022.2/common/technology/xilinx/interface/XilEDKCoreGen.gen 
Execute       source /home/caccolillo/Xilinx_2022_2/Vitis_HLS/2022.2/common/technology/xilinx/ip/dds_compiler.gen 
Execute       source /home/caccolillo/Xilinx_2022_2/Vitis_HLS/2022.2/common/technology/xilinx/ip/xfft.gen 
Execute       source /home/caccolillo/Xilinx_2022_2/Vitis_HLS/2022.2/common/technology/xilinx/ip/xfir.gen 
Execute       source /home/caccolillo/Xilinx_2022_2/Vitis_HLS/2022.2/common/technology/xilinx/ip/util.gen 
Execute       source /home/caccolillo/Xilinx_2022_2/Vitis_HLS/2022.2/common/technology/xilinx/DSP48/dsp48.gen 
Execute     ap_part_info -name xc7a35ti-csg324-1L -data info 
Execute     config_compile -quiet -complex-mul-dsp=0 
Command   set_part done; 0.13 sec.
Execute   create_clock -period 10 -name default 
INFO: [HLS 200-1510] Running: create_clock -period 10 -name default 
Execute     ap_set_clock -name default -period 10 -default=false 
INFO: [SYN 201-201] Setting up clock 'default' with a period of 10ns.
Execute   csynth_design 
INFO: [HLS 200-1510] Running: csynth_design 
Execute     elaborate -effort=medium -skip_syncheck=0 -keep_printf=0 -skip_cdt=0 -skip_transform=0 -ng=0 -g=0 -opt_fp=0 -from_csynth_design=1 
INFO: [HLS 200-111] Finished File checks and directory preparation: CPU user time: 0.01 seconds. CPU system time: 0 seconds. Elapsed time: 10.05 seconds; current allocated memory: 757.125 MB.
INFO: [HLS 200-10] Analyzing design file 'fxp_sqrt_top.cpp' ... 
INFO-FLOW: Compiling one TU...
INFO-FLOW: Handling fxp_sqrt_top.cpp as C++
Execute       ap_part_info -name xc7a35ti-csg324-1L -data info 
INFO-FLOW: Running: GCC PP 39
INFO-FLOW: Source preprocessing
Execute       ap_eval exec -ignorestderr /home/caccolillo/Xilinx_2022_2/Vitis_HLS/2022.2/lnx64/tools/clang-3.9-csynth/bin/clang fxp_sqrt_top.cpp -foptimization-record-file=/home/caccolillo/Documents/model_composer_am_demod/model_composer_models/sqrt_hls/sqrt_fixed_point/solution1/.autopilot/db/fxp_sqrt_top.cpp.clang.diag.yml -mllvm -pass-remarks-missed=reflow|pasta|unroll -mllvm -pass-remarks=reflow|pasta|unroll|inline -fno-limit-debug-info -gcc-toolchain /home/caccolillo/Xilinx_2022_2/Vitis_HLS/2022.2/tps/lnx64/gcc-8.3.0 -fhls -fno-exceptions -E -fno-math-errno -c -emit-llvm -mllvm -disable-llvm-optzns -Werror=implicit-function-declaration -Werror=implicit-hls-streams -Werror=return-type -Wpragmas -Wunused-parameter -Wdump-hls-pragmas -Wno-error=dump-hls-pragmas -fno-threadsafe-statics -fno-use-cxa-atexit -std=gnu++14 -target fpga64-xilinx-linux-gnu -fno-threadsafe-statics -fno-use-cxa-atexit -D__VITIS_HLS__ -DAESL_SYN -D__SYNTHESIS__ -D__HLS_SYN__ -I /home/caccolillo/Xilinx_2022_2/Vitis_HLS/2022.2/common/technology/autopilot -I /home/caccolillo/Xilinx_2022_2/Vitis_HLS/2022.2/common/technology/autopilot/ap_sysc -include etc/autopilot_ssdm_op.h -D__DSP48E1__ -I /usr/include/x86_64-linux-gnu -o /home/caccolillo/Documents/model_composer_am_demod/model_composer_models/sqrt_hls/sqrt_fixed_point/solution1/.autopilot/db/fxp_sqrt_top.pp.0.cpp -hls-platform-db-name=/home/caccolillo/Xilinx_2022_2/Vitis_HLS/2022.2/common/technology/xilinx/common/platform.db -hls-platform-name=artix7_slow -device-resource-info=BRAM_100.000000_DSP_90.000000_FF_41600.000000_LUT_20800.000000_SLICE_8150.000000_URAM_0.000000 -device-name-info=xc7a35ticsg324-1L > /home/caccolillo/Documents/model_composer_am_demod/model_composer_models/sqrt_hls/sqrt_fixed_point/solution1/.autopilot/db/fxp_sqrt_top.cpp.clang.out.log 2> /home/caccolillo/Documents/model_composer_am_demod/model_composer_models/sqrt_hls/sqrt_fixed_point/solution1/.autopilot/db/fxp_sqrt_top.cpp.clang.err.log 
Command       ap_eval done; 0.38 sec.
INFO-FLOW: Done: GCC PP 39 time: 0.4 seconds per iteration
Execute       set_directive_top fxp_sqrt_top -name=fxp_sqrt_top 
Execute       source /home/caccolillo/Xilinx_2022_2/Vitis_HLS/2022.2/tps/tcl/tcllib1.11.1/yaml/huddle.tcl 
Execute       source /home/caccolillo/Xilinx_2022_2/Vitis_HLS/2022.2/tps/tcl/tcllib1.11.1/yaml/json2huddle.tcl 
INFO-FLOW: Source syntax check for synthesis
Execute       ap_eval exec -ignorestderr /home/caccolillo/Xilinx_2022_2/Vitis_HLS/2022.2/lnx64/tools/clang-3.9-csynth/bin/clang -foptimization-record-file=/home/caccolillo/Documents/model_composer_am_demod/model_composer_models/sqrt_hls/sqrt_fixed_point/solution1/.autopilot/db/clang.diag.yml -mllvm -pass-remarks-missed=reflow|pasta|unroll -mllvm -pass-remarks=reflow|pasta|unroll|inline -fsyntax-only -fhls -target fpga64-xilinx-linux-gnu /home/caccolillo/Documents/model_composer_am_demod/model_composer_models/sqrt_hls/sqrt_fixed_point/solution1/.autopilot/db/fxp_sqrt_top.pp.0.cpp -hls-platform-db-name=/home/caccolillo/Xilinx_2022_2/Vitis_HLS/2022.2/common/technology/xilinx/common/platform.db -hls-platform-name=artix7_slow -device-resource-info=BRAM_100.000000_DSP_90.000000_FF_41600.000000_LUT_20800.000000_SLICE_8150.000000_URAM_0.000000 -device-name-info=xc7a35ticsg324-1L > /home/caccolillo/Documents/model_composer_am_demod/model_composer_models/sqrt_hls/sqrt_fixed_point/solution1/.autopilot/db/clang.out.log 2> /home/caccolillo/Documents/model_composer_am_demod/model_composer_models/sqrt_hls/sqrt_fixed_point/solution1/.autopilot/db/clang.err.log 
Command       ap_eval done; 0.47 sec.
Execute       clang_tidy xilinx-systemc-detector -desc systemc-detector /home/caccolillo/Documents/model_composer_am_demod/model_composer_models/sqrt_hls/sqrt_fixed_point/solution1/.autopilot/db/fxp_sqrt_top.pp.0.cpp std=gnu++14 -target fpga  -directive=/home/caccolillo/Documents/model_composer_am_demod/model_composer_models/sqrt_hls/sqrt_fixed_point/solution1/.autopilot/db/.systemc_flag 
INFO-FLOW: exec /home/caccolillo/Xilinx_2022_2/Vitis_HLS/2022.2/lnx64/tools/clang-3.9-csynth/bin/clang-tidy -header-filter=.* --checks=-*,xilinx-systemc-detector -import-directive=/home/caccolillo/Documents/model_composer_am_demod/model_composer_models/sqrt_hls/sqrt_fixed_point/solution1/.autopilot/db/.systemc_flag -fix-errors /home/caccolillo/Documents/model_composer_am_demod/model_composer_models/sqrt_hls/sqrt_fixed_point/solution1/.autopilot/db/fxp_sqrt_top.pp.0.cpp -- -std=gnu++14 -target fpga -fhls -ferror-limit=0
Command       clang_tidy done; 0.45 sec.
INFO-FLOW: Running: clang-tidy CDT preprocess 39
Execute       clang_tidy xilinx-directive2pragma -desc directive2pragma /home/caccolillo/Documents/model_composer_am_demod/model_composer_models/sqrt_hls/sqrt_fixed_point/solution1/.autopilot/db/fxp_sqrt_top.pp.0.cpp std=gnu++14 -target fpga  -directive=/home/caccolillo/Documents/model_composer_am_demod/model_composer_models/sqrt_hls/sqrt_fixed_point/solution1/.autopilot/db/all.directive.json 
INFO-FLOW: exec /home/caccolillo/Xilinx_2022_2/Vitis_HLS/2022.2/lnx64/tools/clang-3.9-csynth/bin/clang-tidy -header-filter=.* --checks=-*,xilinx-directive2pragma -import-directive=/home/caccolillo/Documents/model_composer_am_demod/model_composer_models/sqrt_hls/sqrt_fixed_point/solution1/.autopilot/db/all.directive.json -fix-errors /home/caccolillo/Documents/model_composer_am_demod/model_composer_models/sqrt_hls/sqrt_fixed_point/solution1/.autopilot/db/fxp_sqrt_top.pp.0.cpp -- -std=gnu++14 -target fpga -fhls -ferror-limit=0
Command       clang_tidy done; 0.5 sec.
Execute       clang_tidy xilinx-remove-assert -desc remove-assert /home/caccolillo/Documents/model_composer_am_demod/model_composer_models/sqrt_hls/sqrt_fixed_point/solution1/.autopilot/db/fxp_sqrt_top.pp.0.cpp std=gnu++14 -target fpga  
INFO-FLOW: exec /home/caccolillo/Xilinx_2022_2/Vitis_HLS/2022.2/lnx64/tools/clang-3.9-csynth/bin/clang-tidy -header-filter=.* --checks=-*,xilinx-remove-assert -fix-errors /home/caccolillo/Documents/model_composer_am_demod/model_composer_models/sqrt_hls/sqrt_fixed_point/solution1/.autopilot/db/fxp_sqrt_top.pp.0.cpp -- -std=gnu++14 -target fpga -fhls -ferror-limit=0
Command       clang_tidy done; 0.48 sec.
INFO-FLOW: Done: clang-tidy CDT preprocess 39 time: 1 seconds per iteration
INFO-FLOW: Calling xilinx-label-all-loops ... 
INFO-FLOW: Calling xilinx-aggregate-on-hls-vector ... 
Execute       clang_tidy -errorcheck -desc loop-label xilinx-label-all-loops,xilinx-aggregate-on-hls-vector,,xilinx-warn-mayneed-no-ctor-attribute /home/caccolillo/Documents/model_composer_am_demod/model_composer_models/sqrt_hls/sqrt_fixed_point/solution1/.autopilot/db/fxp_sqrt_top.pp.0.cpp std=gnu++14 -target fpga  
Execute         ap_eval exec -ignorestderr /home/caccolillo/Xilinx_2022_2/Vitis_HLS/2022.2/lnx64/tools/clang-3.9-csynth/bin/clang-tidy -export-fixes=/home/caccolillo/Documents/model_composer_am_demod/model_composer_models/sqrt_hls/sqrt_fixed_point/solution1/.autopilot/db/fxp_sqrt_top.pp.0.cpp.clang-tidy.loop-label.diag.yml -header-filter=.* --checks=-*,xilinx-label-all-loops,xilinx-aggregate-on-hls-vector,,xilinx-warn-mayneed-no-ctor-attribute -fix-errors /home/caccolillo/Documents/model_composer_am_demod/model_composer_models/sqrt_hls/sqrt_fixed_point/solution1/.autopilot/db/fxp_sqrt_top.pp.0.cpp -- -std=gnu++14 -target fpga -fhls -ferror-limit=0 > /home/caccolillo/Documents/model_composer_am_demod/model_composer_models/sqrt_hls/sqrt_fixed_point/solution1/.autopilot/db/fxp_sqrt_top.pp.0.cpp.clang-tidy.loop-label.out.log 2> /home/caccolillo/Documents/model_composer_am_demod/model_composer_models/sqrt_hls/sqrt_fixed_point/solution1/.autopilot/db/fxp_sqrt_top.pp.0.cpp.clang-tidy.loop-label.err.log 
Command         ap_eval done; 0.55 sec.
Execute         source /home/caccolillo/Xilinx_2022_2/Vitis_HLS/2022.2/tps/tcl/tcllib1.11.1/yaml/yaml.tcl 
Command       clang_tidy done; 0.59 sec.
Execute       ap_eval exec -ignorestderr /home/caccolillo/Xilinx_2022_2/Vitis_HLS/2022.2/lnx64/tools/clang-3.9-csynth/bin/xilinx-dataflow-lawyer -export-fixes=/home/caccolillo/Documents/model_composer_am_demod/model_composer_models/sqrt_hls/sqrt_fixed_point/solution1/.autopilot/db/fxp_sqrt_top.pp.0.cpp.xilinx-dataflow-lawyer.diag.yml /home/caccolillo/Documents/model_composer_am_demod/model_composer_models/sqrt_hls/sqrt_fixed_point/solution1/.autopilot/db/fxp_sqrt_top.pp.0.cpp -- -std=gnu++14 -target fpga -fhls -ferror-limit=0 -fstrict-dataflow > /home/caccolillo/Documents/model_composer_am_demod/model_composer_models/sqrt_hls/sqrt_fixed_point/solution1/.autopilot/db/fxp_sqrt_top.pp.0.cpp.xilinx-dataflow-lawyer.out.log 2> /home/caccolillo/Documents/model_composer_am_demod/model_composer_models/sqrt_hls/sqrt_fixed_point/solution1/.autopilot/db/fxp_sqrt_top.pp.0.cpp.xilinx-dataflow-lawyer.err.log 
Command       ap_eval done; 0.41 sec.
Execute       ap_part_info -name xc7a35ti-csg324-1L -data info 
INFO-FLOW: compiling source code to llvm bc
Execute       ap_eval exec -ignorestderr /home/caccolillo/Xilinx_2022_2/Vitis_HLS/2022.2/lnx64/tools/clang-3.9-csynth/bin/clang -foptimization-record-file=/home/caccolillo/Documents/model_composer_am_demod/model_composer_models/sqrt_hls/sqrt_fixed_point/solution1/.autopilot/db/fxp_sqrt_top.pp.0.cpp.clang.diag.yml -mllvm -pass-remarks-missed=reflow|pasta|unroll -mllvm -pass-remarks=reflow|pasta|unroll|inline -fno-limit-debug-info -fhls -flto -fno-exceptions -Wno-error=c++11-narrowing /home/caccolillo/Documents/model_composer_am_demod/model_composer_models/sqrt_hls/sqrt_fixed_point/solution1/.autopilot/db/fxp_sqrt_top.pp.0.cpp -fno-math-errno -c -emit-llvm -mllvm -disable-llvm-optzns -Werror=implicit-function-declaration -Werror=implicit-hls-streams -Werror=return-type -Wpragmas -Wunused-parameter -Wdump-hls-pragmas -Wno-error=dump-hls-pragmas -fno-threadsafe-statics -fno-use-cxa-atexit -std=gnu++14 -target fpga64-xilinx-linux-gnu -D__VITIS_HLS__ -DAESL_SYN -D__SYNTHESIS__ -D__HLS_SYN__ -I /home/caccolillo/Xilinx_2022_2/Vitis_HLS/2022.2/common/technology/autopilot -I /home/caccolillo/Xilinx_2022_2/Vitis_HLS/2022.2/common/technology/autopilot/ap_sysc -include etc/autopilot_ssdm_op.h -D__DSP48E1__ -g -o /home/caccolillo/Documents/model_composer_am_demod/model_composer_models/sqrt_hls/sqrt_fixed_point/solution1/.autopilot/db/fxp_sqrt_top.bc -hls-platform-db-name=/home/caccolillo/Xilinx_2022_2/Vitis_HLS/2022.2/common/technology/xilinx/common/platform.db -hls-platform-name=artix7_slow -device-resource-info=BRAM_100.000000_DSP_90.000000_FF_41600.000000_LUT_20800.000000_SLICE_8150.000000_URAM_0.000000 -device-name-info=xc7a35ticsg324-1L > /home/caccolillo/Documents/model_composer_am_demod/model_composer_models/sqrt_hls/sqrt_fixed_point/solution1/.autopilot/db/fxp_sqrt_top.pp.0.cpp.clang.out.log 2> /home/caccolillo/Documents/model_composer_am_demod/model_composer_models/sqrt_hls/sqrt_fixed_point/solution1/.autopilot/db/fxp_sqrt_top.pp.0.cpp.clang.err.log 
Command       ap_eval done; 0.45 sec.
INFO: [HLS 200-111] Finished Source Code Analysis and Preprocessing: CPU user time: 2.57 seconds. CPU system time: 0.79 seconds. Elapsed time: 3.79 seconds; current allocated memory: 757.125 MB.
INFO-FLOW: Linking Debug ...
INFO-FLOW: Linking dut bc code.
Execute       run_link_or_opt -out /home/caccolillo/Documents/model_composer_am_demod/model_composer_models/sqrt_hls/sqrt_fixed_point/solution1/.autopilot/db/a.g.ld.0.bc -args  "/home/caccolillo/Documents/model_composer_am_demod/model_composer_models/sqrt_hls/sqrt_fixed_point/solution1/.autopilot/db/fxp_sqrt_top.g.bc"  
Execute         ap_eval exec -ignorestderr /home/caccolillo/Xilinx_2022_2/Vitis_HLS/2022.2/lnx64/tools/clang-3.9-csynth/bin/llvm-link /home/caccolillo/Documents/model_composer_am_demod/model_composer_models/sqrt_hls/sqrt_fixed_point/solution1/.autopilot/db/fxp_sqrt_top.g.bc -o /home/caccolillo/Documents/model_composer_am_demod/model_composer_models/sqrt_hls/sqrt_fixed_point/solution1/.autopilot/db/a.g.ld.0.bc > /home/caccolillo/Documents/model_composer_am_demod/model_composer_models/sqrt_hls/sqrt_fixed_point/solution1/.autopilot/db/a.g.ld.0.bc.llvm-link.out.log 2> /home/caccolillo/Documents/model_composer_am_demod/model_composer_models/sqrt_hls/sqrt_fixed_point/solution1/.autopilot/db/a.g.ld.0.bc.llvm-link.err.log 
INFO-FLOW: 
Execute       run_link_or_opt -opt -out /home/caccolillo/Documents/model_composer_am_demod/model_composer_models/sqrt_hls/sqrt_fixed_point/solution1/.autopilot/db/a.g.ld.1.lower.bc -args /home/caccolillo/Documents/model_composer_am_demod/model_composer_models/sqrt_hls/sqrt_fixed_point/solution1/.autopilot/db/a.g.ld.0.bc -reflow-lower-math-intrinsics 
Execute         ap_eval exec -ignorestderr /home/caccolillo/Xilinx_2022_2/Vitis_HLS/2022.2/lnx64/tools/clang-3.9-csynth/bin/opt -pass-remarks-missed=reflow|pasta|unroll -pass-remarks=reflow|pasta|unroll|inline -pass-remarks-output=/home/caccolillo/Documents/model_composer_am_demod/model_composer_models/sqrt_hls/sqrt_fixed_point/solution1/.autopilot/db/a.g.ld.1.lower.bc.opt.diag.yml /home/caccolillo/Documents/model_composer_am_demod/model_composer_models/sqrt_hls/sqrt_fixed_point/solution1/.autopilot/db/a.g.ld.0.bc -reflow-lower-math-intrinsics -o /home/caccolillo/Documents/model_composer_am_demod/model_composer_models/sqrt_hls/sqrt_fixed_point/solution1/.autopilot/db/a.g.ld.1.lower.bc > /home/caccolillo/Documents/model_composer_am_demod/model_composer_models/sqrt_hls/sqrt_fixed_point/solution1/.autopilot/db/a.g.ld.1.lower.bc.opt.out.log 2> /home/caccolillo/Documents/model_composer_am_demod/model_composer_models/sqrt_hls/sqrt_fixed_point/solution1/.autopilot/db/a.g.ld.1.lower.bc.opt.err.log 
Command         ap_eval done; 0.23 sec.
INFO-FLOW: 
Command       run_link_or_opt done; 0.23 sec.
INFO-FLOW: Linking math bc lib
Execute       run_link_or_opt -out /home/caccolillo/Documents/model_composer_am_demod/model_composer_models/sqrt_hls/sqrt_fixed_point/solution1/.autopilot/db/a.g.ld.2.m1.bc -args /home/caccolillo/Documents/model_composer_am_demod/model_composer_models/sqrt_hls/sqrt_fixed_point/solution1/.autopilot/db/a.g.ld.1.lower.bc -only-needed /home/caccolillo/Xilinx_2022_2/Vitis_HLS/2022.2/lnx64/lib/libhlsm_39.bc /home/caccolillo/Xilinx_2022_2/Vitis_HLS/2022.2/lnx64/lib/libhlsmc++_39.bc 
Execute         ap_eval exec -ignorestderr /home/caccolillo/Xilinx_2022_2/Vitis_HLS/2022.2/lnx64/tools/clang-3.9-csynth/bin/llvm-link /home/caccolillo/Documents/model_composer_am_demod/model_composer_models/sqrt_hls/sqrt_fixed_point/solution1/.autopilot/db/a.g.ld.1.lower.bc -only-needed /home/caccolillo/Xilinx_2022_2/Vitis_HLS/2022.2/lnx64/lib/libhlsm_39.bc /home/caccolillo/Xilinx_2022_2/Vitis_HLS/2022.2/lnx64/lib/libhlsmc++_39.bc -o /home/caccolillo/Documents/model_composer_am_demod/model_composer_models/sqrt_hls/sqrt_fixed_point/solution1/.autopilot/db/a.g.ld.2.m1.bc > /home/caccolillo/Documents/model_composer_am_demod/model_composer_models/sqrt_hls/sqrt_fixed_point/solution1/.autopilot/db/a.g.ld.2.m1.bc.llvm-link.out.log 2> /home/caccolillo/Documents/model_composer_am_demod/model_composer_models/sqrt_hls/sqrt_fixed_point/solution1/.autopilot/db/a.g.ld.2.m1.bc.llvm-link.err.log 
Command         ap_eval done; 1.85 sec.
INFO-FLOW: 
Command       run_link_or_opt done; 1.85 sec.
Execute       run_link_or_opt -opt -out /home/caccolillo/Documents/model_composer_am_demod/model_composer_models/sqrt_hls/sqrt_fixed_point/solution1/.autopilot/db/a.g.ld.3.fpc.bc -args /home/caccolillo/Documents/model_composer_am_demod/model_composer_models/sqrt_hls/sqrt_fixed_point/solution1/.autopilot/db/a.g.ld.2.m1.bc -reflow-globaldce -hls-top-function-name=fxp_sqrt_top -reflow-float-conversion 
Execute         ap_eval exec -ignorestderr /home/caccolillo/Xilinx_2022_2/Vitis_HLS/2022.2/lnx64/tools/clang-3.9-csynth/bin/opt -pass-remarks-missed=reflow|pasta|unroll -pass-remarks=reflow|pasta|unroll|inline -pass-remarks-output=/home/caccolillo/Documents/model_composer_am_demod/model_composer_models/sqrt_hls/sqrt_fixed_point/solution1/.autopilot/db/a.g.ld.3.fpc.bc.opt.diag.yml /home/caccolillo/Documents/model_composer_am_demod/model_composer_models/sqrt_hls/sqrt_fixed_point/solution1/.autopilot/db/a.g.ld.2.m1.bc -reflow-globaldce -hls-top-function-name=fxp_sqrt_top -reflow-float-conversion -o /home/caccolillo/Documents/model_composer_am_demod/model_composer_models/sqrt_hls/sqrt_fixed_point/solution1/.autopilot/db/a.g.ld.3.fpc.bc > /home/caccolillo/Documents/model_composer_am_demod/model_composer_models/sqrt_hls/sqrt_fixed_point/solution1/.autopilot/db/a.g.ld.3.fpc.bc.opt.out.log 2> /home/caccolillo/Documents/model_composer_am_demod/model_composer_models/sqrt_hls/sqrt_fixed_point/solution1/.autopilot/db/a.g.ld.3.fpc.bc.opt.err.log 
Command         ap_eval done; 0.66 sec.
INFO-FLOW: 
Command       run_link_or_opt done; 0.66 sec.
Execute       run_link_or_opt -out /home/caccolillo/Documents/model_composer_am_demod/model_composer_models/sqrt_hls/sqrt_fixed_point/solution1/.autopilot/db/a.g.ld.4.m2.bc -args /home/caccolillo/Documents/model_composer_am_demod/model_composer_models/sqrt_hls/sqrt_fixed_point/solution1/.autopilot/db/a.g.ld.3.fpc.bc -only-needed /home/caccolillo/Xilinx_2022_2/Vitis_HLS/2022.2/lnx64/lib/libfloatconversion_39.bc 
Execute         ap_eval exec -ignorestderr /home/caccolillo/Xilinx_2022_2/Vitis_HLS/2022.2/lnx64/tools/clang-3.9-csynth/bin/llvm-link /home/caccolillo/Documents/model_composer_am_demod/model_composer_models/sqrt_hls/sqrt_fixed_point/solution1/.autopilot/db/a.g.ld.3.fpc.bc -only-needed /home/caccolillo/Xilinx_2022_2/Vitis_HLS/2022.2/lnx64/lib/libfloatconversion_39.bc -o /home/caccolillo/Documents/model_composer_am_demod/model_composer_models/sqrt_hls/sqrt_fixed_point/solution1/.autopilot/db/a.g.ld.4.m2.bc > /home/caccolillo/Documents/model_composer_am_demod/model_composer_models/sqrt_hls/sqrt_fixed_point/solution1/.autopilot/db/a.g.ld.4.m2.bc.llvm-link.out.log 2> /home/caccolillo/Documents/model_composer_am_demod/model_composer_models/sqrt_hls/sqrt_fixed_point/solution1/.autopilot/db/a.g.ld.4.m2.bc.llvm-link.err.log 
INFO-FLOW: 
Execute       run_link_or_opt -opt -out /home/caccolillo/Documents/model_composer_am_demod/model_composer_models/sqrt_hls/sqrt_fixed_point/solution1/.autopilot/db/a.g.ld.5.gdce.bc -args /home/caccolillo/Documents/model_composer_am_demod/model_composer_models/sqrt_hls/sqrt_fixed_point/solution1/.autopilot/db/a.g.ld.4.m2.bc -reflow-globaldce -hls-top-function-name=fxp_sqrt_top 
Execute         ap_eval exec -ignorestderr /home/caccolillo/Xilinx_2022_2/Vitis_HLS/2022.2/lnx64/tools/clang-3.9-csynth/bin/opt -pass-remarks-missed=reflow|pasta|unroll -pass-remarks=reflow|pasta|unroll|inline -pass-remarks-output=/home/caccolillo/Documents/model_composer_am_demod/model_composer_models/sqrt_hls/sqrt_fixed_point/solution1/.autopilot/db/a.g.ld.5.gdce.bc.opt.diag.yml /home/caccolillo/Documents/model_composer_am_demod/model_composer_models/sqrt_hls/sqrt_fixed_point/solution1/.autopilot/db/a.g.ld.4.m2.bc -reflow-globaldce -hls-top-function-name=fxp_sqrt_top -o /home/caccolillo/Documents/model_composer_am_demod/model_composer_models/sqrt_hls/sqrt_fixed_point/solution1/.autopilot/db/a.g.ld.5.gdce.bc > /home/caccolillo/Documents/model_composer_am_demod/model_composer_models/sqrt_hls/sqrt_fixed_point/solution1/.autopilot/db/a.g.ld.5.gdce.bc.opt.out.log 2> /home/caccolillo/Documents/model_composer_am_demod/model_composer_models/sqrt_hls/sqrt_fixed_point/solution1/.autopilot/db/a.g.ld.5.gdce.bc.opt.err.log 
INFO-FLOW: 
Execute       send_msg_by_id INFO @200-777@%s Vivado 
INFO: [HLS 200-777] Using interface defaults for 'Vivado' flow target.
Execute       is_m_axi_addr64 
INFO-FLOW: Doing LTO.
Execute       ap_eval exec -ignorestderr /home/caccolillo/Xilinx_2022_2/Vitis_HLS/2022.2/lnx64/tools/clang-3.9-csynth/bin/clang -foptimization-record-file=/home/caccolillo/Documents/model_composer_am_demod/model_composer_models/sqrt_hls/sqrt_fixed_point/solution1/.autopilot/db/a.g.ld.0.bc.clang.diag.yml -mllvm -pass-remarks-missed=reflow|pasta|unroll -mllvm -pass-remarks=reflow|pasta|unroll|inline -fhls -mllvm -hls-top-function-name=fxp_sqrt_top -mllvm -hls-db-dir -mllvm /home/caccolillo/Documents/model_composer_am_demod/model_composer_models/sqrt_hls/sqrt_fixed_point/solution1/.autopilot/db -emit-llvm -c -target fpga64-xilinx-none -mllvm -xcl-xmlinfo=/home/caccolillo/Documents/model_composer_am_demod/model_composer_models/sqrt_hls/sqrt_fixed_point/solution1/.autopilot/db/kernel.internal.xml -mllvm -top-io-mapping-info=/home/caccolillo/Documents/model_composer_am_demod/model_composer_models/sqrt_hls/sqrt_fixed_point/solution1/.autopilot/db/top-io-fe.xml -mllvm -hls-bitcode-version=3.1 -mllvm -reflow-enable-slave-interface-default-setting=true -mllvm -gen-kernel-xml=false -mllvm -default-maxi-offset=slave -mllvm -maxi-latency=0 -mllvm -hls-maxi-data-size-in-bits=8 -mllvm -hls-maxi-max-data-size-in-bits=1024 -mllvm -hls-max-widen-size-in-bits=0 -mllvm -xcl-kernel-max-mem-ports=0 -mllvm -maxi-read-trans=16 -mllvm -maxi-write-trans=16 -mllvm -maxi-read-burst-len=16 -mllvm -maxi-write-burst-len=16 -mllvm -reflow-enable-saxi-64bits=0 -mllvm -reflow-basic-block-instr-threshold=200000 -mllvm -reflow-auto-pipeline-threshold=64 -mllvm -reflow-enable-maxi-auto-id-channel=0 -mllvm -assume-maxi-align=1 -mllvm -reflow-pipeline-style-llvm-setting=2 -mllvm -reflow-enable-dataflow-strict-mode-checking=1 -mllvm -reflow-auto-array-partition-mode=default -mllvm -reflow-enable-auto-array-partition=true -mllvm -reflow-enable-auto-parallel-performance-driven=true -mllvm -reflow-enable-partition-for-automation=true -mllvm -reflow-aggregate-bitwidth-threshold=4096 -mllvm -reflow-assume-no-address-wrap=true -mllvm -hls -mllvm -disable-inlined-alloca-merging=true -mllvm -default-clock-period=10 -x ir /home/caccolillo/Documents/model_composer_am_demod/model_composer_models/sqrt_hls/sqrt_fixed_point/solution1/.autopilot/db/a.g.ld.5.gdce.bc -o /home/caccolillo/Documents/model_composer_am_demod/model_composer_models/sqrt_hls/sqrt_fixed_point/solution1/.autopilot/db/a.g.lto.bc -hls-platform-db-name=/home/caccolillo/Xilinx_2022_2/Vitis_HLS/2022.2/common/technology/xilinx/common/platform.db -hls-platform-name=artix7_slow -device-resource-info=BRAM_100.000000_DSP_90.000000_FF_41600.000000_LUT_20800.000000_SLICE_8150.000000_URAM_0.000000 -device-name-info=xc7a35ticsg324-1L > /home/caccolillo/Documents/model_composer_am_demod/model_composer_models/sqrt_hls/sqrt_fixed_point/solution1/.autopilot/db/a.g.ld.0.bc.clang.out.log 2> /home/caccolillo/Documents/model_composer_am_demod/model_composer_models/sqrt_hls/sqrt_fixed_point/solution1/.autopilot/db/a.g.ld.0.bc.clang.err.log 
Command       ap_eval done; 0.28 sec.
INFO: [HLS 214-178] Inlining function 'void fxp_sqrt<28, 4, 24, 8>(ap_ufixed<28, 4, (ap_q_mode)5, (ap_o_mode)3, 0>&, ap_ufixed<24, 8, (ap_q_mode)5, (ap_o_mode)3, 0>&)' into 'fxp_sqrt_top(ap_ufixed<24, 8, (ap_q_mode)5, (ap_o_mode)3, 0>&)' (fxp_sqrt_top.cpp:20:0)
INFO-FLOW: DBG:PUTS: copy_raw_kernel_xml ap_link_39: kernel.xml not generated: /home/caccolillo/Documents/model_composer_am_demod/model_composer_models/sqrt_hls/sqrt_fixed_point/solution1/.autopilot/db/kernel.internal.xml
INFO: [HLS 200-111] Finished Compiling Optimization and Transform: CPU user time: 2.37 seconds. CPU system time: 0.55 seconds. Elapsed time: 3.25 seconds; current allocated memory: 757.871 MB.
INFO: [HLS 200-111] Finished Checking Pragmas: CPU user time: 0 seconds. CPU system time: 0 seconds. Elapsed time: 0 seconds; current allocated memory: 757.871 MB.
Execute       opt_and_import_c a -opt_level=2 -skip_syncheck=0 -ng=0 -keep_printf=0 
Execute         cleanup_all_models 
INFO: [HLS 200-10] Starting code transformations ...
INFO-FLOW: Running Standard Transforms...
Execute         transform -hls -share-std-xform -demangle-name -inline-byval-memcpy -always-inline -promote-dbg-pointer -interface-preproc -mem2reg -scalarrepl -mem2reg -keep-read-access -instcombine -dce -promote-dbg-pointer -bitop-raise -loop-simplify -indvarspre -indvars -loop-simplify -xunroll -constprop -instcombine -simplifycfg -indvars -simplifycfg -dce -globaldce -basicaa -simplifycfg -mem2reg -globalopt -global-constprop -deadargelim -instcombine -simplifycfg -scalarrepl -instcombine -reassociate -licm -simplifycfg -loop-simplify -indvars -instcombine -simplifycfg -mem2reg -loop-simplify -indvars -instcombine -gvn -gvn -instcombine -adce -break-crit-edges -simplifycfg -loop-delete -global-array-opt -dce -dse -adce -find-syn-modules -top fxp_sqrt_top -deadargelim -mem2reg -instcombine -dce -presyn-prepare -auto-rom-infer -interface-preproc -syn-check -check-rec-only -find-region -simplifycfg -func-extr -function-inline -globaldce -mem2reg -instcombine -dce -gvn -globaldce -adce -adse -constprop -instcombine -bit-constprop -instcombine -dce -simplifycfg -bitop-raise -simplifycfg -dce -loop-delete -reassociate -globalopt -global-privatize -mem2reg -dce -global-constprop -pointer-simplify -constprop -dce -auto-shift-reg-idiom -promote-dbg-pointer -norm-name /home/caccolillo/Documents/model_composer_am_demod/model_composer_models/sqrt_hls/sqrt_fixed_point/solution1/.autopilot/db/a.g.0.bc -o /home/caccolillo/Documents/model_composer_am_demod/model_composer_models/sqrt_hls/sqrt_fixed_point/solution1/.autopilot/db/a.g.1.bc -f -phase std-opt 
INFO: [HLS 200-111] Finished Standard Transforms: CPU user time: 0.04 seconds. CPU system time: 0.02 seconds. Elapsed time: 0.1 seconds; current allocated memory: 767.582 MB.
INFO: [HLS 200-10] Checking synthesizability ...
INFO-FLOW: Checking Synthesizability 1/2..
Execute         transform -hls -syn-check -check-rec-only -scalarrepl -norm-name -dce -mem2reg -instcombine -directive-preproc -mem2reg -dse -dce -auto-rom-infer -dce -pag -array-normalize -instcombine -dce -array-seg-normalize -instcombine -dce -data-pack -instcombine -dce -inst-simplify -array-flatten -instcombine -dce -array-burst -dce -deadargelim -promote-global-argument -simplifycfg -mem2reg -globaldce -dce -deadargelim -dce -instcombine -function-inline -globaldce -dce -doublePtrSimplify -doublePtrElim -dce -doublePtrSimplify -promote-dbg-pointer -dce -scalarrepl -dse -adse -instcombine -ptrLegalization -simplifycfg -dce -instcombine -pointer-simplify -ptrArgReplace -dce -instcombine -resolve-double-ptr -scalarrepl -norm-name -dce -mem2reg -instcombine -ptrLegalization -simplifycfg -deadargelim -instcombine -dce -inst-simplify -directive-preproc -mem2reg -dse -dce -globaldce /home/caccolillo/Documents/model_composer_am_demod/model_composer_models/sqrt_hls/sqrt_fixed_point/solution1/.autopilot/db/a.g.1.bc -o /home/caccolillo/Documents/model_composer_am_demod/model_composer_models/sqrt_hls/sqrt_fixed_point/solution1/.autopilot/db/a.g.2.prechk.bc -f 
INFO-FLOW: Checking Synthesizability 2/2..
Execute         transform -syn-check /home/caccolillo/Documents/model_composer_am_demod/model_composer_models/sqrt_hls/sqrt_fixed_point/solution1/.autopilot/db/a.g.2.prechk.bc -o /home/caccolillo/Documents/model_composer_am_demod/model_composer_models/sqrt_hls/sqrt_fixed_point/solution1/.autopilot/db/a.g.2.bc -f -phase syn-check 
INFO: [HLS 200-111] Finished Checking Synthesizability: CPU user time: 0.05 seconds. CPU system time: 0.01 seconds. Elapsed time: 0.07 seconds; current allocated memory: 779.293 MB.
INFO-FLOW: Compiler optimizing ...
INFO-FLOW: Share syncheck's 1.bc for syn flow: copy /home/caccolillo/Documents/model_composer_am_demod/model_composer_models/sqrt_hls/sqrt_fixed_point/solution1/.autopilot/db/a.g.1.bc to /home/caccolillo/Documents/model_composer_am_demod/model_composer_models/sqrt_hls/sqrt_fixed_point/solution1/.autopilot/db/a.o.1.bc
INFO-FLOW: Presyn 1...
Execute         transform -hls -tmp /home/caccolillo/Documents/model_composer_am_demod/model_composer_models/sqrt_hls/sqrt_fixed_point/solution1/.autopilot/db -interface-port-rename -directive-preproc -mem2reg -dse -dce -scalarrepl -norm-name -deadargelim -mem2reg -instcombine -dce -simplifycfg -auto-rom-infer -dce -resource-proc -clib-intrinsic-prepare -dce -func-buffer -dce -pag -array-normalize -func-legal -instcombine -gvn -constprop -dce -simplifycfg -mem2reg -globaldce -resolve-double-ptr -dce -deadargelim -dce -instcombine -ptrArgReplace -mem2reg -dce -array-seg-normalize -deadargelim -instcombine -dce -directive-preproc -mem2reg -dse -dce -pointer-simplify -dce -port-alignment -dce -interface-preproc -data-pack -instcombine -dce -basicaa -aggr-aa -aggrmodref-aa -aggr-aa -gvn -gvn -basicaa -aggr-aa -aggrmodref-aa -aggr-aa -dse -adse -adce -loop-simplify -indvars -instcombine -gvn -loop-simplify -mem2reg -dce -find-region -instcombine -auto-loop-pipeline -inst-simplify -interface-preproc -cfgopt -instcombine -indvars -auto-loop-unroll -loop-simplify -loop-bound -xunroll -constprop -instcombine -simplifycfg -indvars -simplifycfg -dce -globaldce -clean-region -attach-range -gvn -inst-simplify -constprop -simplifycfg -dce -pointer-simplify -dce -globalopt -constprop -dce -array-promote -scalar-auto-dep-elim -constprop -dce -ptrArgReplace -mem2reg -simplifycfg -dce -instcombine -dce -array-transform-check -array-reshape -instcombine -simplifycfg -dce -ptrArgReplace -deadargelim -mem2reg -instcombine -simplifycfg -dce -indvars -loop-simplify -loop-bound -xunroll -constprop -instcombine -simplifycfg -indvars -simplifycfg -dce -globaldce -basicaa -aggr-aa -aggrmodref-aa -aggr-aa -dse -duplicate-dataflow-processes -globaldce -instcombine -array-partition -prepare-dynamic-array-partition -instcombine -simplifycfg -dce -ptrArgReplace -global-constprop -deadargelim -mem2reg -func-legal -dce -global-constprop -deadargelim -mem2reg -simplifycfg -dce -merge-param -deadargelim -globalopt -constprop -dce -array-promote -scalar-auto-dep-elim -constprop -dce -ptrArgReplace -mem2reg -simplifycfg -dce -mem-intrinsic-preproc -dce -global-internalize -global-privatize -mem2reg -globaldce -promote-global-argument -ptrArgReplace -mem2reg -dce -globalopt -mergereturn -simplify-global-access -mem2reg -dce -pointer-simplify -dce -functionattrs -basicaa -aggr-aa -aggrmodref-aa -aggr-aa -gvn -gvn -basicaa -aggr-aa -aggrmodref-aa -aggr-aa -dse -adse -adce -dce -norm-name -basicaa -aggr-aa -aggrmodref-aa -aggr-aa -accesses-merge -function-inline -complex-op-raise -inst-simplify -globaldce -func-legal -dce -loop-bound -arraycheck -bitwidthmin2 -bitwidthmin2 -on-by-dataflow -loop-delete -instcombine -simplifycfg -globaldce -dce -gvn -deadargelim -dce -loop-simplify -clean-region -simplifycfg -propagate-stable-arguments -loop-stream -instcombine -simplifycfg -dce -globaldce -duplicate-dataflow-processes -stream-intrinsic-preproc -dce -check-ap-stream -loop-simplify -eliminate-keepreads -extract-dataflow-in-loop -loop-simplify -dce -gvn -deadargelim -dse -duplicate-dataflow-processes -check-dataflow-syntax -legalize-stream-variable -globaldce -legalize-global -extract-subproc -dce -dead-channel-elimination -canonicalize-gep -globaldce -dce -gvn -hls-dead-arg-elim -deadargelim -directive-preproc -canonicalize-dataflow -dce -globaldce -scalar-preprocessing -scalar-propagation2 -deadargelim -globaldce -mem2reg -check-dataflow-channels -function-stream -dce -globaldce -prop-fifo-spec -internal-stream-gen -canonicalize-gep -globaldce -dce -gvn -deadargelim -mergereturn -indvars -loop-simplify -instcombine -array-stream -array-seg-normalize -array-partition -func-legal -instcombine -simplifycfg -dce -bundle-memfifo-ops -deadargelim -directive-preproc -mem2reg -dse -dce -group-axi-access -licm -simplifycfg -dce -loop-delete -hls-display -norm-name /home/caccolillo/Documents/model_composer_am_demod/model_composer_models/sqrt_hls/sqrt_fixed_point/solution1/.autopilot/db/a.o.1.bc -o /home/caccolillo/Documents/model_composer_am_demod/model_composer_models/sqrt_hls/sqrt_fixed_point/solution1/.autopilot/db/a.o.1.tmp.bc -f 
INFO: [XFORM 203-510] Pipelining loop 'VITIS_LOOP_89_1' in function 'fxp_sqrt_top' automatically.
INFO-FLOW: Presyn 2...
Execute         transform -hls -keep-callgraph -scalarrepl -mem2reg -port-alignment -attach-range -dce -pipe-mux-gen -indvars -loop-bound -inst-simplify -instcombine -dce -merge-array-access -mem2reg -dce -clean-region -mergereturn -if-conv -instcombine -dce -constprop -basicaa -aggr-aa -aggrmodref-aa -aggr-aa -gvn -gvn -basicaa -aggr-aa -aggrmodref-aa -aggr-aa -dse -adse -adce -scalarrepl -mem2reg -global-constprop -deadargelim -deadargelim -instcombine -dce -simplifycfg -ptrArgReplace -mem2reg -function-inline -globaldce -mem2reg -instcombine -dce -expr-balance -instcombine -dce -bitwidthmin2 -bitwidthmin2 -interface-preproc -directive-preproc -inst-rectify -instcombine -dce -functionattrs -constprop -instcombine -bit-constprop -simplify-global-access -globalopt -globaldce -inst-simplify -instcombine -elimdeaddata -dce -loop-delete -simplifycfg -loop-simplify -barrier -norm-name /home/caccolillo/Documents/model_composer_am_demod/model_composer_models/sqrt_hls/sqrt_fixed_point/solution1/.autopilot/db/a.o.1.tmp.bc -o /home/caccolillo/Documents/model_composer_am_demod/model_composer_models/sqrt_hls/sqrt_fixed_point/solution1/.autopilot/db/a.o.2.bc -f -phase presyn 
INFO: [XFORM 203-401] Performing if-conversion on hyperblock to (./fxp_sqrt.h:89:22) in function 'fxp_sqrt_top'... converting 4 basic blocks.
INFO: [HLS 200-111] Finished Loop, function and other optimizations: CPU user time: 0.08 seconds. CPU system time: 0.02 seconds. Elapsed time: 0.09 seconds; current allocated memory: 813.035 MB.
INFO-FLOW: Building ssdm...
Execute         transform -hls -auto-function-inline -globaldce -ptrArgReplace -mem2reg -dce -reset-lda -loop-simplify -indvars -aggr-aa -licm -loop-dep -loop-bound -licm -loop-simplify -loop-sink-hoist -flattenloopnest -array-flatten -gvn -instcombine -dce -array-map -dce -func-legal -gvn -adce -instcombine -cfgopt -simplifycfg -loop-simplify -array-burst -promote-global-argument -dce -array-seg-normalize -basicaa -aggrmodref-aa -globalsmodref-aa -aggr-aa -gvn -gvn -basicaa -aggrmodref-aa -globalsmodref-aa -aggr-aa -dse -adse -adce -licm -inst-simplify -dce -globaldce -instcombine -array-stream -eliminate-keepreads -instcombine -dce -deadargelim -doublePtrSimplify -doublePtrElim -dce -doublePtrSimplify -promote-dbg-pointer -dce -scalarrepl -mem2reg -norm-name -mem2reg -instcombine -dse -adse -adce -ptrLegalization -dce -auto-rom-infer -array-flatten -dce -instcombine -check-doubleptr -loop-rot -constprop -cfgopt -simplifycfg -loop-simplify -indvars -pointer-simplify -dce -loop-bound -loop-simplify -loop-preproc -constprop -global-constprop -gvn -mem2reg -instcombine -dce -loop-bound -loop-merge -dce -deadargelim -dce -canonicalize-dataflow -dce -deadargelim -globaldce -mem2reg -bram-byte-enable -load-elim -read-loop-dep -loop-simplify -loop-extract-inner -directive-preproc -bitwidthmin2 -bitwidthmin2 -read-loop-dep -interface-preproc -directive-preproc -interface-gen -bram-byte-enable-spec-prop -deadargelim -inst-simplify -dce -gvn -mem2reg -instcombine -dce -adse -loop-bound -instcombine -cfgopt -simplifycfg -loop-simplify -clean-region -io-protocol -find-region -mem2reg -bitop-raise -complex-op-raise -inst-simplify -inst-rectify -instcombine -adce -deadargelim -float-op-raise -loop-simplify -phi-opt -bitop-raise -cfgopt -simplifycfg -strip-dead-prototypes -interface-lower -bitop-lower -intrinsic-lower -auto-function-inline -basicaa -aggrmodref-aa -globalsmodref-aa -aggr-aa -inst-simplify -simplifycfg -loop-simplify -mergereturn -inst-simplify -inst-rectify -dce -load-elim -bitop-lower -float-op-raise -fma-raise -loop-rewind -pointer-simplify -dce -cfgopt -dce -loop-bound -loop-dep -read-loop-dep -dce -dyn-mem-reuse -dce -recurrence-min -dce -share-scalar-alloca -deadargelim -dce -check-stream -norm-name -legalize -validate-dataflow -inst-clarity -bitwidth -dump-loop-dep-to-ir -check-all-ssdm -cdfg-build /home/caccolillo/Documents/model_composer_am_demod/model_composer_models/sqrt_hls/sqrt_fixed_point/solution1/.autopilot/db/a.o.2.bc -o /home/caccolillo/Documents/model_composer_am_demod/model_composer_models/sqrt_hls/sqrt_fixed_point/solution1/.autopilot/db/a.o.3.bc -f -phase build-ssdm 
INFO: [HLS 200-111] Finished Architecture Synthesis: CPU user time: 0.04 seconds. CPU system time: 0.01 seconds. Elapsed time: 0.05 seconds; current allocated memory: 822.539 MB.
INFO-FLOW: Finish building internal data model.
Command       opt_and_import_c done; 0.31 sec.
Command     elaborate done; 7.35 sec.
Execute     ap_eval exec zip -j /home/caccolillo/Documents/model_composer_am_demod/model_composer_models/sqrt_hls/sqrt_fixed_point/solution1/.autopilot/db/dut.hcp $dbDir/a.o.3.bc $dbDir/${topname}.rtl_wrap.cfg.tcl $dbDir/apatb_${topname}.cpp $dbDir/apatb_${topname}_util.cpp $dbDir/apatb_${topname}_ir.ll $dbDir/mapper_${topname}.cpp $dbDir/top-io-fe.xml $dbDir/kernel.internal.xml $workdir/../hls.app 
Execute     autosyn -from_csynth_design=1 
INFO: [HLS 200-10] Starting hardware synthesis ...
INFO-FLOW: Synthesizing C/C++ design ...
INFO: [HLS 200-10] Synthesizing 'fxp_sqrt_top' ...
Execute       ap_set_top_model fxp_sqrt_top 
Execute       get_model_list fxp_sqrt_top -filter all-wo-channel -topdown 
Execute       preproc_iomode -model fxp_sqrt_top 
Execute       preproc_iomode -model fxp_sqrt_top_Pipeline_VITIS_LOOP_89_1 
Execute       get_model_list fxp_sqrt_top -filter all-wo-channel 
INFO-FLOW: Model list for configure: fxp_sqrt_top_Pipeline_VITIS_LOOP_89_1 fxp_sqrt_top
INFO-FLOW: Configuring Module : fxp_sqrt_top_Pipeline_VITIS_LOOP_89_1 ...
Execute       set_default_model fxp_sqrt_top_Pipeline_VITIS_LOOP_89_1 
Execute       apply_spec_resource_limit fxp_sqrt_top_Pipeline_VITIS_LOOP_89_1 
INFO-FLOW: Configuring Module : fxp_sqrt_top ...
Execute       set_default_model fxp_sqrt_top 
Execute       apply_spec_resource_limit fxp_sqrt_top 
INFO-FLOW: Model list for preprocess: fxp_sqrt_top_Pipeline_VITIS_LOOP_89_1 fxp_sqrt_top
INFO-FLOW: Preprocessing Module: fxp_sqrt_top_Pipeline_VITIS_LOOP_89_1 ...
Execute       set_default_model fxp_sqrt_top_Pipeline_VITIS_LOOP_89_1 
Execute       cdfg_preprocess -model fxp_sqrt_top_Pipeline_VITIS_LOOP_89_1 
Execute       rtl_gen_preprocess fxp_sqrt_top_Pipeline_VITIS_LOOP_89_1 
INFO-FLOW: Preprocessing Module: fxp_sqrt_top ...
Execute       set_default_model fxp_sqrt_top 
Execute       cdfg_preprocess -model fxp_sqrt_top 
Execute       rtl_gen_preprocess fxp_sqrt_top 
INFO-FLOW: Model list for synthesis: fxp_sqrt_top_Pipeline_VITIS_LOOP_89_1 fxp_sqrt_top
INFO: [HLS 200-10] ----------------------------------------------------------------
INFO: [HLS 200-42] -- Implementing module 'fxp_sqrt_top_Pipeline_VITIS_LOOP_89_1' 
INFO: [HLS 200-10] ----------------------------------------------------------------
Execute       set_default_model fxp_sqrt_top_Pipeline_VITIS_LOOP_89_1 
Execute       schedule -model fxp_sqrt_top_Pipeline_VITIS_LOOP_89_1 
INFO: [SCHED 204-11] Starting scheduling ...
INFO: [SCHED 204-61] Pipelining loop 'VITIS_LOOP_89_1'.
INFO: [HLS 200-1470] Pipelining result : Target II = NA, Final II = 1, Depth = 2, loop 'VITIS_LOOP_89_1'
INFO: [SCHED 204-11] Finished scheduling.
INFO: [HLS 200-111] Finished Scheduling: CPU user time: 0.04 seconds. CPU system time: 0.04 seconds. Elapsed time: 0.1 seconds; current allocated memory: 822.539 MB.
Execute       syn_report -verbosereport -o /home/caccolillo/Documents/model_composer_am_demod/model_composer_models/sqrt_hls/sqrt_fixed_point/solution1/.autopilot/db/fxp_sqrt_top_Pipeline_VITIS_LOOP_89_1.verbose.sched.rpt 
Execute         AP::get_flow_target_display_name
Execute       db_write -o /home/caccolillo/Documents/model_composer_am_demod/model_composer_models/sqrt_hls/sqrt_fixed_point/solution1/.autopilot/db/fxp_sqrt_top_Pipeline_VITIS_LOOP_89_1.sched.adb -f 
INFO-FLOW: Finish scheduling fxp_sqrt_top_Pipeline_VITIS_LOOP_89_1.
Execute       set_default_model fxp_sqrt_top_Pipeline_VITIS_LOOP_89_1 
Execute       bind -model fxp_sqrt_top_Pipeline_VITIS_LOOP_89_1 
INFO: [BIND 205-100] Starting micro-architecture generation ...
INFO: [BIND 205-101] Performing variable lifetime analysis.
INFO: [BIND 205-101] Exploring resource sharing.
INFO: [BIND 205-101] Binding ...
INFO: [BIND 205-100] Finished micro-architecture generation.
INFO: [HLS 200-111] Finished Binding: CPU user time: 0.02 seconds. CPU system time: 0.01 seconds. Elapsed time: 0.03 seconds; current allocated memory: 822.539 MB.
Execute       syn_report -verbosereport -o /home/caccolillo/Documents/model_composer_am_demod/model_composer_models/sqrt_hls/sqrt_fixed_point/solution1/.autopilot/db/fxp_sqrt_top_Pipeline_VITIS_LOOP_89_1.verbose.bind.rpt 
Execute         AP::get_flow_target_display_name
Execute       db_write -o /home/caccolillo/Documents/model_composer_am_demod/model_composer_models/sqrt_hls/sqrt_fixed_point/solution1/.autopilot/db/fxp_sqrt_top_Pipeline_VITIS_LOOP_89_1.bind.adb -f 
INFO-FLOW: Finish binding fxp_sqrt_top_Pipeline_VITIS_LOOP_89_1.
INFO: [HLS 200-10] ----------------------------------------------------------------
INFO: [HLS 200-42] -- Implementing module 'fxp_sqrt_top' 
INFO: [HLS 200-10] ----------------------------------------------------------------
Execute       set_default_model fxp_sqrt_top 
Execute       schedule -model fxp_sqrt_top 
INFO: [SCHED 204-11] Starting scheduling ...
INFO: [SCHED 204-11] Finished scheduling.
INFO: [HLS 200-111] Finished Scheduling: CPU user time: 0.04 seconds. CPU system time: 0 seconds. Elapsed time: 0.04 seconds; current allocated memory: 822.539 MB.
Execute       syn_report -verbosereport -o /home/caccolillo/Documents/model_composer_am_demod/model_composer_models/sqrt_hls/sqrt_fixed_point/solution1/.autopilot/db/fxp_sqrt_top.verbose.sched.rpt 
Execute         AP::get_flow_target_display_name
Execute       db_write -o /home/caccolillo/Documents/model_composer_am_demod/model_composer_models/sqrt_hls/sqrt_fixed_point/solution1/.autopilot/db/fxp_sqrt_top.sched.adb -f 
INFO-FLOW: Finish scheduling fxp_sqrt_top.
Execute       set_default_model fxp_sqrt_top 
Execute       bind -model fxp_sqrt_top 
INFO: [BIND 205-100] Starting micro-architecture generation ...
INFO: [BIND 205-101] Performing variable lifetime analysis.
INFO: [BIND 205-101] Exploring resource sharing.
INFO: [BIND 205-101] Binding ...
INFO: [BIND 205-100] Finished micro-architecture generation.
INFO: [HLS 200-111] Finished Binding: CPU user time: 0.03 seconds. CPU system time: 0 seconds. Elapsed time: 0.03 seconds; current allocated memory: 822.539 MB.
Execute       syn_report -verbosereport -o /home/caccolillo/Documents/model_composer_am_demod/model_composer_models/sqrt_hls/sqrt_fixed_point/solution1/.autopilot/db/fxp_sqrt_top.verbose.bind.rpt 
Execute         AP::get_flow_target_display_name
Execute       db_write -o /home/caccolillo/Documents/model_composer_am_demod/model_composer_models/sqrt_hls/sqrt_fixed_point/solution1/.autopilot/db/fxp_sqrt_top.bind.adb -f 
INFO-FLOW: Finish binding fxp_sqrt_top.
Execute       get_model_list fxp_sqrt_top -filter all-wo-channel 
INFO-FLOW: Preprocessing for RTLGen ...
Execute       rtl_gen_preprocess fxp_sqrt_top_Pipeline_VITIS_LOOP_89_1 
Execute       rtl_gen_preprocess fxp_sqrt_top 
INFO-FLOW: Model list for RTL generation: fxp_sqrt_top_Pipeline_VITIS_LOOP_89_1 fxp_sqrt_top
INFO: [HLS 200-10] ----------------------------------------------------------------
INFO: [HLS 200-10] -- Generating RTL for module 'fxp_sqrt_top_Pipeline_VITIS_LOOP_89_1' 
INFO: [HLS 200-10] ----------------------------------------------------------------
Execute       create_rtl_model fxp_sqrt_top_Pipeline_VITIS_LOOP_89_1 -top_prefix fxp_sqrt_top_ -sub_prefix fxp_sqrt_top_ -mg_file /home/caccolillo/Documents/model_composer_am_demod/model_composer_models/sqrt_hls/sqrt_fixed_point/solution1/.autopilot/db/fxp_sqrt_top_Pipeline_VITIS_LOOP_89_1.compgen.tcl 
INFO: [HLS 200-1030] Apply Unified Pipeline Control on module 'fxp_sqrt_top_Pipeline_VITIS_LOOP_89_1' pipeline 'VITIS_LOOP_89_1' pipeline type 'loop pipeline'
INFO: [RTGEN 206-100] Finished creating RTL model for 'fxp_sqrt_top_Pipeline_VITIS_LOOP_89_1'.
INFO: [HLS 200-111] Finished Creating RTL model: CPU user time: 0.04 seconds. CPU system time: 0 seconds. Elapsed time: 0.04 seconds; current allocated memory: 822.539 MB.
Execute       source /home/caccolillo/Documents/model_composer_am_demod/model_composer_models/sqrt_hls/sqrt_fixed_point/solution1/.autopilot/db/fxp_sqrt_top.rtl_wrap.cfg.tcl 
Execute       gen_rtl fxp_sqrt_top_Pipeline_VITIS_LOOP_89_1 -style xilinx -f -lang vhdl -o /home/caccolillo/Documents/model_composer_am_demod/model_composer_models/sqrt_hls/sqrt_fixed_point/solution1/syn/vhdl/fxp_sqrt_top_fxp_sqrt_top_Pipeline_VITIS_LOOP_89_1 
Execute       gen_rtl fxp_sqrt_top_Pipeline_VITIS_LOOP_89_1 -style xilinx -f -lang vlog -o /home/caccolillo/Documents/model_composer_am_demod/model_composer_models/sqrt_hls/sqrt_fixed_point/solution1/syn/verilog/fxp_sqrt_top_fxp_sqrt_top_Pipeline_VITIS_LOOP_89_1 
Execute       syn_report -csynth -model fxp_sqrt_top_Pipeline_VITIS_LOOP_89_1 -o /home/caccolillo/Documents/model_composer_am_demod/model_composer_models/sqrt_hls/sqrt_fixed_point/solution1/syn/report/fxp_sqrt_top_Pipeline_VITIS_LOOP_89_1_csynth.rpt 
Execute         AP::get_flow_target_display_name
Execute       syn_report -rtlxml -model fxp_sqrt_top_Pipeline_VITIS_LOOP_89_1 -o /home/caccolillo/Documents/model_composer_am_demod/model_composer_models/sqrt_hls/sqrt_fixed_point/solution1/syn/report/fxp_sqrt_top_Pipeline_VITIS_LOOP_89_1_csynth.xml 
Execute       syn_report -verbosereport -model fxp_sqrt_top_Pipeline_VITIS_LOOP_89_1 -o /home/caccolillo/Documents/model_composer_am_demod/model_composer_models/sqrt_hls/sqrt_fixed_point/solution1/.autopilot/db/fxp_sqrt_top_Pipeline_VITIS_LOOP_89_1.verbose.rpt 
Execute         AP::get_flow_target_display_name
Execute       db_write -model fxp_sqrt_top_Pipeline_VITIS_LOOP_89_1 -f -o /home/caccolillo/Documents/model_composer_am_demod/model_composer_models/sqrt_hls/sqrt_fixed_point/solution1/.autopilot/db/fxp_sqrt_top_Pipeline_VITIS_LOOP_89_1.adb 
Execute       db_write -model fxp_sqrt_top_Pipeline_VITIS_LOOP_89_1 -bindview -o /home/caccolillo/Documents/model_composer_am_demod/model_composer_models/sqrt_hls/sqrt_fixed_point/solution1/.autopilot/db/design.bindinfo.xml 
Execute       gen_tb_info fxp_sqrt_top_Pipeline_VITIS_LOOP_89_1 -p /home/caccolillo/Documents/model_composer_am_demod/model_composer_models/sqrt_hls/sqrt_fixed_point/solution1/.autopilot/db -o /home/caccolillo/Documents/model_composer_am_demod/model_composer_models/sqrt_hls/sqrt_fixed_point/solution1/.autopilot/db/fxp_sqrt_top_Pipeline_VITIS_LOOP_89_1 
INFO: [HLS 200-10] ----------------------------------------------------------------
INFO: [HLS 200-10] -- Generating RTL for module 'fxp_sqrt_top' 
INFO: [HLS 200-10] ----------------------------------------------------------------
Execute       create_rtl_model fxp_sqrt_top -top_prefix  -sub_prefix fxp_sqrt_top_ -mg_file /home/caccolillo/Documents/model_composer_am_demod/model_composer_models/sqrt_hls/sqrt_fixed_point/solution1/.autopilot/db/fxp_sqrt_top.compgen.tcl 
INFO: [RTGEN 206-500] Setting interface mode on port 'fxp_sqrt_top/in_val' to 'ap_none'.
INFO: [RTGEN 206-500] Setting interface mode on function 'fxp_sqrt_top' to 'ap_ctrl_hs'.
INFO: [RTGEN 206-100] Finished creating RTL model for 'fxp_sqrt_top'.
INFO: [HLS 200-111] Finished Creating RTL model: CPU user time: 0.08 seconds. CPU system time: 0 seconds. Elapsed time: 0.09 seconds; current allocated memory: 822.539 MB.
Execute       source /home/caccolillo/Documents/model_composer_am_demod/model_composer_models/sqrt_hls/sqrt_fixed_point/solution1/.autopilot/db/fxp_sqrt_top.rtl_wrap.cfg.tcl 
Execute       gen_rtl fxp_sqrt_top -istop -style xilinx -f -lang vhdl -o /home/caccolillo/Documents/model_composer_am_demod/model_composer_models/sqrt_hls/sqrt_fixed_point/solution1/syn/vhdl/fxp_sqrt_top 
Execute       gen_rtl fxp_sqrt_top -istop -style xilinx -f -lang vlog -o /home/caccolillo/Documents/model_composer_am_demod/model_composer_models/sqrt_hls/sqrt_fixed_point/solution1/syn/verilog/fxp_sqrt_top 
Execute       syn_report -csynth -model fxp_sqrt_top -o /home/caccolillo/Documents/model_composer_am_demod/model_composer_models/sqrt_hls/sqrt_fixed_point/solution1/syn/report/fxp_sqrt_top_csynth.rpt 
Execute         AP::get_flow_target_display_name
Execute       syn_report -rtlxml -model fxp_sqrt_top -o /home/caccolillo/Documents/model_composer_am_demod/model_composer_models/sqrt_hls/sqrt_fixed_point/solution1/syn/report/fxp_sqrt_top_csynth.xml 
Execute       syn_report -verbosereport -model fxp_sqrt_top -o /home/caccolillo/Documents/model_composer_am_demod/model_composer_models/sqrt_hls/sqrt_fixed_point/solution1/.autopilot/db/fxp_sqrt_top.verbose.rpt 
Execute         AP::get_flow_target_display_name
Execute       db_write -model fxp_sqrt_top -f -o /home/caccolillo/Documents/model_composer_am_demod/model_composer_models/sqrt_hls/sqrt_fixed_point/solution1/.autopilot/db/fxp_sqrt_top.adb 
Execute       db_write -model fxp_sqrt_top -bindview -o /home/caccolillo/Documents/model_composer_am_demod/model_composer_models/sqrt_hls/sqrt_fixed_point/solution1/.autopilot/db/design.bindinfo.xml 
Execute       gen_tb_info fxp_sqrt_top -p /home/caccolillo/Documents/model_composer_am_demod/model_composer_models/sqrt_hls/sqrt_fixed_point/solution1/.autopilot/db -o /home/caccolillo/Documents/model_composer_am_demod/model_composer_models/sqrt_hls/sqrt_fixed_point/solution1/.autopilot/db/fxp_sqrt_top 
Execute       export_constraint_db -f -tool general -o /home/caccolillo/Documents/model_composer_am_demod/model_composer_models/sqrt_hls/sqrt_fixed_point/solution1/.autopilot/db/fxp_sqrt_top.constraint.tcl 
Execute       syn_report -designview -model fxp_sqrt_top -o /home/caccolillo/Documents/model_composer_am_demod/model_composer_models/sqrt_hls/sqrt_fixed_point/solution1/.autopilot/db/fxp_sqrt_top.design.xml 
Execute       syn_report -csynthDesign -model fxp_sqrt_top -o /home/caccolillo/Documents/model_composer_am_demod/model_composer_models/sqrt_hls/sqrt_fixed_point/solution1/syn/report/csynth.rpt 
Execute         AP::get_flow_target_display_name
Execute       syn_report -wcfg -model fxp_sqrt_top -o /home/caccolillo/Documents/model_composer_am_demod/model_composer_models/sqrt_hls/sqrt_fixed_point/solution1/.autopilot/db/fxp_sqrt_top_dataflow_ana.wcfg 
Execute       syn_report -protoinst -model fxp_sqrt_top -o /home/caccolillo/Documents/model_composer_am_demod/model_composer_models/sqrt_hls/sqrt_fixed_point/solution1/.autopilot/db/fxp_sqrt_top.protoinst 
Execute       sc_get_clocks fxp_sqrt_top 
Execute       sc_get_portdomain fxp_sqrt_top 
INFO-FLOW: Model list for RTL component generation: fxp_sqrt_top_Pipeline_VITIS_LOOP_89_1 fxp_sqrt_top
INFO-FLOW: Handling components in module [fxp_sqrt_top_Pipeline_VITIS_LOOP_89_1] ... 
Execute       source /home/caccolillo/Documents/model_composer_am_demod/model_composer_models/sqrt_hls/sqrt_fixed_point/solution1/.autopilot/db/fxp_sqrt_top_Pipeline_VITIS_LOOP_89_1.compgen.tcl 
INFO-FLOW: Found component fxp_sqrt_top_flow_control_loop_pipe_sequential_init.
INFO-FLOW: Append model fxp_sqrt_top_flow_control_loop_pipe_sequential_init
INFO-FLOW: Handling components in module [fxp_sqrt_top] ... 
Execute       source /home/caccolillo/Documents/model_composer_am_demod/model_composer_models/sqrt_hls/sqrt_fixed_point/solution1/.autopilot/db/fxp_sqrt_top.compgen.tcl 
INFO-FLOW: Append model fxp_sqrt_top_Pipeline_VITIS_LOOP_89_1
INFO-FLOW: Append model fxp_sqrt_top
INFO-FLOW: Generating RTL model list ...
INFO-FLOW: All models in this session: fxp_sqrt_top_flow_control_loop_pipe_sequential_init fxp_sqrt_top_Pipeline_VITIS_LOOP_89_1 fxp_sqrt_top
INFO-FLOW: Generating /home/caccolillo/Documents/model_composer_am_demod/model_composer_models/sqrt_hls/sqrt_fixed_point/solution1/.autopilot/db/autopilot.rtl.models.txt file...
INFO-FLOW: To file: write model fxp_sqrt_top_flow_control_loop_pipe_sequential_init
INFO-FLOW: To file: write model fxp_sqrt_top_Pipeline_VITIS_LOOP_89_1
INFO-FLOW: To file: write model fxp_sqrt_top
INFO-FLOW: Generating /home/caccolillo/Documents/model_composer_am_demod/model_composer_models/sqrt_hls/sqrt_fixed_point/solution1/.autopilot/db/autopilot.rtl.models.tcl file...
INFO-FLOW: Finished generating RTL model list.


INFO-FLOW: RTL Generation done.
INFO-FLOW: CAS Generation done.
INFO-FLOW: CBC Generation done.
INFO-FLOW: DBG:PROC: ::AESL_AUTOMG::auto_generate_csynth_design
INFO-FLOW: DBG:PUTS: read_platform_lib /home/caccolillo/Documents/model_composer_am_demod/model_composer_models/sqrt_hls/sqrt_fixed_point/solution1/.autopilot/db/global.setting.tcl
Execute       source /home/caccolillo/Xilinx_2022_2/Vitis_HLS/2022.2/common/technology/generic/autopilot/common.gen 
Execute         source /home/caccolillo/Xilinx_2022_2/Vitis_HLS/2022.2/common/technology/generic/autopilot/APCoreGen.gen 
Execute       source /home/caccolillo/Xilinx_2022_2/Vitis_HLS/2022.2/common/technology/generic/autopilot/op.gen 
Execute       source /home/caccolillo/Xilinx_2022_2/Vitis_HLS/2022.2/common/technology/generic/autopilot/op_simcore.gen 
Execute       source /home/caccolillo/Xilinx_2022_2/Vitis_HLS/2022.2/common/technology/generic/autopilot/interface.gen 
Execute       source /home/caccolillo/Documents/model_composer_am_demod/model_composer_models/sqrt_hls/sqrt_fixed_point/solution1/.autopilot/db/global.setting.tcl 
Execute       ap_family_info -name artix7 -data parts 
Execute       ap_part_info -name xc7a12ticsg325-1L -data info 
Execute       source /home/caccolillo/Xilinx_2022_2/Vitis_HLS/2022.2/common/technology/xilinx/common/xilinx.gen 
Execute         source /home/caccolillo/Xilinx_2022_2/Vitis_HLS/2022.2/common/technology/xilinx/interface/plb46.gen 
Execute         source /home/caccolillo/Xilinx_2022_2/Vitis_HLS/2022.2/common/technology/xilinx/interface/axi4.gen 
Execute         source /home/caccolillo/Xilinx_2022_2/Vitis_HLS/2022.2/common/technology/xilinx/interface/nativeAXI4.gen 
Execute           source /home/caccolillo/Xilinx_2022_2/Vitis_HLS/2022.2/common/technology/xilinx/interface/saxilite.gen 
Execute         source /home/caccolillo/Xilinx_2022_2/Vitis_HLS/2022.2/common/technology/xilinx/scripts/xilinxcoregen.gen 
Execute         source /home/caccolillo/Xilinx_2022_2/Vitis_HLS/2022.2/common/technology/xilinx/interface/XilEDKCoreGen.gen 
Execute         source /home/caccolillo/Xilinx_2022_2/Vitis_HLS/2022.2/common/technology/xilinx/ip/dds_compiler.gen 
Execute         source /home/caccolillo/Xilinx_2022_2/Vitis_HLS/2022.2/common/technology/xilinx/ip/xfft.gen 
Execute         source /home/caccolillo/Xilinx_2022_2/Vitis_HLS/2022.2/common/technology/xilinx/ip/xfir.gen 
Execute         source /home/caccolillo/Xilinx_2022_2/Vitis_HLS/2022.2/common/technology/xilinx/ip/util.gen 
Execute         source /home/caccolillo/Xilinx_2022_2/Vitis_HLS/2022.2/common/technology/xilinx/DSP48/dsp48.gen 
INFO-FLOW: DBG:PUTS:   using AESL_AUTOCG::g_clock_period=10.000 (was NA)
INFO-FLOW: DBG:PROC: ::AESL_AUTOMG::generate_ip_cores gen_sim_model='1' gen_fp_models='0' gen_for_export='0' dstSCDir='' dstVhdlDir='/home/caccolillo/Documents/model_composer_am_demod/model_composer_models/sqrt_hls/sqrt_fixed_point/solution1/.autopilot/db/vhdl' dstVlogDir='/home/caccolillo/Documents/model_composer_am_demod/model_composer_models/sqrt_hls/sqrt_fixed_point/solution1/.autopilot/db/vlog' tclDir='/home/caccolillo/Documents/model_composer_am_demod/model_composer_models/sqrt_hls/sqrt_fixed_point/solution1/.autopilot/db' modelList='fxp_sqrt_top_flow_control_loop_pipe_sequential_init
fxp_sqrt_top_Pipeline_VITIS_LOOP_89_1
fxp_sqrt_top
' expOnly='0'
Execute       source /home/caccolillo/Documents/model_composer_am_demod/model_composer_models/sqrt_hls/sqrt_fixed_point/solution1/.autopilot/db/global.setting.tcl 
Execute       ap_part_info -name xc7a35ti-csg324-1L -data names -quiet 
Execute       ap_part_info -name xc7a35ti-csg324-1L -data info -quiet 
Execute       source /home/caccolillo/Documents/model_composer_am_demod/model_composer_models/sqrt_hls/sqrt_fixed_point/solution1/.autopilot/db/global.setting.tcl 
Execute       source /home/caccolillo/Documents/model_composer_am_demod/model_composer_models/sqrt_hls/sqrt_fixed_point/solution1/.autopilot/db/global.setting.tcl 
Execute       source /home/caccolillo/Documents/model_composer_am_demod/model_composer_models/sqrt_hls/sqrt_fixed_point/solution1/.autopilot/db/fxp_sqrt_top_Pipeline_VITIS_LOOP_89_1.compgen.tcl 
Execute       source /home/caccolillo/Documents/model_composer_am_demod/model_composer_models/sqrt_hls/sqrt_fixed_point/solution1/.autopilot/db/fxp_sqrt_top.compgen.tcl 
INFO: [HLS 200-111] Finished Generating all RTL models: CPU user time: 0.16 seconds. CPU system time: 0.02 seconds. Elapsed time: 0.19 seconds; current allocated memory: 822.539 MB.
INFO-FLOW: DBG:PROC: ::HLSREPORTS::create_csynth_xml bind_info_var='bind_info' RtlSubPrefix='fxp_sqrt_top_' outfile=''
INFO-FLOW: Running: create_csynth_xml read xml data
INFO-FLOW: Done: create_csynth_xml read xml data time: 0 seconds per iteration
INFO-FLOW: Running: create_csynth_xml bind info
INFO-FLOW: Done: create_csynth_xml bind info time: 0 seconds per iteration
INFO-FLOW: Running: create_csynth_xml config info
INFO-FLOW: Done: create_csynth_xml config info time: 0 seconds per iteration
INFO-FLOW: Running: create_csynth_xml write xml
INFO-FLOW: Done: create_csynth_xml write xml time: 0 seconds per iteration
INFO-FLOW: DBG:PUTS:      create_csynth_xml wrote csynth_xml=/home/caccolillo/Documents/model_composer_am_demod/model_composer_models/sqrt_hls/sqrt_fixed_point/solution1/syn/report/csynth.xml
INFO-FLOW: DBG:PROC: ::AP::DESIGN_DATA::generate_json generate_bd_files='0' generate_xo_files='0' modelList='fxp_sqrt_top_flow_control_loop_pipe_sequential_init
fxp_sqrt_top_Pipeline_VITIS_LOOP_89_1
fxp_sqrt_top
' rtl_lang='both' bootstrap_tcl='false' outdir='' outfilename=''
Execute       source /home/caccolillo/Documents/model_composer_am_demod/model_composer_models/sqrt_hls/sqrt_fixed_point/solution1/.autopilot/db/global.setting.tcl 
Execute       source /home/caccolillo/Documents/model_composer_am_demod/model_composer_models/sqrt_hls/sqrt_fixed_point/solution1/.autopilot/db/global.setting.tcl 
Execute       source /home/caccolillo/Documents/model_composer_am_demod/model_composer_models/sqrt_hls/sqrt_fixed_point/solution1/.autopilot/db/top-io-be.tcl 
Execute       source /home/caccolillo/Documents/model_composer_am_demod/model_composer_models/sqrt_hls/sqrt_fixed_point/solution1/.autopilot/db/fxp_sqrt_top.tbgen.tcl 
Execute       source /home/caccolillo/Documents/model_composer_am_demod/model_composer_models/sqrt_hls/sqrt_fixed_point/solution1/.autopilot/db/fxp_sqrt_top.rtl_wrap.cfg.tcl 
Execute       source /home/caccolillo/Documents/model_composer_am_demod/model_composer_models/sqrt_hls/sqrt_fixed_point/solution1/.autopilot/db/fxp_sqrt_top.compgen.dataonly.tcl 
Execute       source /home/caccolillo/Documents/model_composer_am_demod/model_composer_models/sqrt_hls/sqrt_fixed_point/solution1/.autopilot/db/fxp_sqrt_top_Pipeline_VITIS_LOOP_89_1.tbgen.tcl 
Execute       source /home/caccolillo/Documents/model_composer_am_demod/model_composer_models/sqrt_hls/sqrt_fixed_point/solution1/.autopilot/db/fxp_sqrt_top.tbgen.tcl 
Execute       source /home/caccolillo/Documents/model_composer_am_demod/model_composer_models/sqrt_hls/sqrt_fixed_point/solution1/.autopilot/db/global.setting.tcl 
Execute       ap_part_info -name xc7a35ti-csg324-1L -data names -quiet 
Execute       ap_part_info -name xc7a35ti-csg324-1L -data info -quiet 
Execute       source /home/caccolillo/Documents/model_composer_am_demod/model_composer_models/sqrt_hls/sqrt_fixed_point/solution1/.autopilot/db/fxp_sqrt_top.constraint.tcl 
Execute       sc_get_clocks fxp_sqrt_top 
Execute       source /home/caccolillo/Documents/model_composer_am_demod/model_composer_models/sqrt_hls/sqrt_fixed_point/solution1/.autopilot/db/global.setting.tcl 
INFO-FLOW: DBG:PROC: ::HLSREPORTS::add_csynth_report_sections bind_info_dict='adapter_nodes {} report_dict {TOPINST fxp_sqrt_top MODULE2INSTS {fxp_sqrt_top fxp_sqrt_top fxp_sqrt_top_Pipeline_VITIS_LOOP_89_1 grp_fxp_sqrt_top_Pipeline_VITIS_LOOP_89_1_fu_54} INST2MODULE {fxp_sqrt_top fxp_sqrt_top grp_fxp_sqrt_top_Pipeline_VITIS_LOOP_89_1_fu_54 fxp_sqrt_top_Pipeline_VITIS_LOOP_89_1} INSTDATA {fxp_sqrt_top {DEPTH 1 CHILDREN grp_fxp_sqrt_top_Pipeline_VITIS_LOOP_89_1_fu_54} grp_fxp_sqrt_top_Pipeline_VITIS_LOOP_89_1_fu_54 {DEPTH 2 CHILDREN {}}} MODULEDATA {fxp_sqrt_top_Pipeline_VITIS_LOOP_89_1 {BINDINFO {{BINDTYPE op ID {} IMPL fabric LATENCY 0 OPTYPE add PRAGMA {} RTLNAME i_2_fu_127_p2 SOURCE ./fxp_sqrt.h:89 VARIABLE i_2 LOOP VITIS_LOOP_89_1 BUNDLEDNAME {} DSP 0 BRAM 0 URAM 0 DISPNAME {bind_op add}} {BINDTYPE op ID {} IMPL fabric LATENCY 0 OPTYPE sub PRAGMA {} RTLNAME sub_ln91_fu_133_p2 SOURCE ./fxp_sqrt.h:91 VARIABLE sub_ln91 LOOP VITIS_LOOP_89_1 BUNDLEDNAME {} DSP 0 BRAM 0 URAM 0 DISPNAME {bind_op sub}} {BINDTYPE op ID {} IMPL fabric LATENCY 0 OPTYPE sub PRAGMA {} RTLNAME s_V_1_fu_190_p2 SOURCE ./fxp_sqrt.h:91 VARIABLE s_V_1 LOOP VITIS_LOOP_89_1 BUNDLEDNAME {} DSP 0 BRAM 0 URAM 0 DISPNAME {bind_op sub}} {BINDTYPE op ID {} IMPL fabric LATENCY 0 OPTYPE add PRAGMA {} RTLNAME s_V_2_fu_216_p2 SOURCE ./fxp_sqrt.h:95 VARIABLE s_V_2 LOOP VITIS_LOOP_89_1 BUNDLEDNAME {} DSP 0 BRAM 0 URAM 0 DISPNAME {bind_op add}}} AREA {DSP 0 BRAM 0 URAM 0}} fxp_sqrt_top {BINDINFO {{BINDTYPE op ID {} IMPL fabric LATENCY 0 OPTYPE add PRAGMA {} RTLNAME q_V_fu_82_p2 SOURCE /home/caccolillo/Xilinx_2022_2/Vitis_HLS/2022.2/common/technology/autopilot/ap_int_base.h:186 VARIABLE q_V LOOP {} BUNDLEDNAME {} DSP 0 BRAM 0 URAM 0 DISPNAME {bind_op add}}} AREA {DSP 0 BRAM 0 URAM 0}}}}'
INFO-FLOW: DBG:PUTS:      update_csynth_reports json2rpt_hw_sw_interfaces
INFO-FLOW: Running: gen_csynth_sec_pragma
INFO-FLOW: Done: gen_csynth_sec_pragma time: 0 seconds per iteration
INFO-FLOW: DBG:PUTS:      update_csynth_reports wrote xml
INFO-FLOW: DBG:PUTS:      update_csynth_reports appended to csynth rpt file
INFO: [HLS 200-111] Finished Updating report files: CPU user time: 0.15 seconds. CPU system time: 0.01 seconds. Elapsed time: 0.16 seconds; current allocated memory: 827.984 MB.
INFO: [VHDL 208-304] Generating VHDL RTL for fxp_sqrt_top.
INFO: [VLOG 209-307] Generating Verilog RTL for fxp_sqrt_top.
Execute       syn_report -model fxp_sqrt_top -printsummary 
INFO: [HLS 200-790] **** Loop Constraint Status: All loop constraints were satisfied.
INFO: [HLS 200-789] **** Estimated Fmax: 151.15 MHz
Command     autosyn done; 0.63 sec.
Command   csynth_design done; 8.04 sec.
INFO: [HLS 200-111] Finished Command csynth_design CPU user time: 5.73 seconds. CPU system time: 1.48 seconds. Elapsed time: 8.04 seconds; current allocated memory: 71.027 MB.
Command ap_source done; 19.97 sec.
Execute cleanup_all 
INFO-FLOW: Workspace /home/caccolillo/Documents/model_composer_am_demod/model_composer_models/sqrt_hls/sqrt_fixed_point/solution1 opened at Sat Dec 28 19:07:19 GMT 2024
Execute     ap_set_clock -name default -period 10 -default=false 
INFO: [SYN 201-201] Setting up clock 'default' with a period of 10ns.
Execute     set_part xc7a35ticsg324-1L 
Execute       create_platform xc7a35ticsg324-1L -board  
DBG:HLSDevice: Trying to load device library: /home/caccolillo/Xilinx_2022_2/Vitis_HLS/2022.2/lib/lnx64.o/libxv_hlsvwrap.so
DBG:HLSDevice: first parts/arch.xml in RDI_DATADIR: /home/caccolillo/Xilinx_2022_2/Vivado/2022.2/data/parts/arch.xml
DBG:HLSDevice: init success
INFO: [HLS 200-1611] Setting target device to 'xc7a35ti-csg324-1L'
Command       create_platform done; 4.62 sec.
Execute       source /home/caccolillo/Xilinx_2022_2/Vitis_HLS/2022.2/common/technology/xilinx/common/xilinx.gen 
Execute         source /home/caccolillo/Xilinx_2022_2/Vitis_HLS/2022.2/common/technology/xilinx/interface/plb46.gen 
Execute         source /home/caccolillo/Xilinx_2022_2/Vitis_HLS/2022.2/common/technology/xilinx/interface/axi4.gen 
Execute         source /home/caccolillo/Xilinx_2022_2/Vitis_HLS/2022.2/common/technology/xilinx/interface/nativeAXI4.gen 
Execute           source /home/caccolillo/Xilinx_2022_2/Vitis_HLS/2022.2/common/technology/xilinx/interface/saxilite.gen 
Execute         source /home/caccolillo/Xilinx_2022_2/Vitis_HLS/2022.2/common/technology/xilinx/scripts/xilinxcoregen.gen 
Execute         source /home/caccolillo/Xilinx_2022_2/Vitis_HLS/2022.2/common/technology/xilinx/interface/XilEDKCoreGen.gen 
Execute         source /home/caccolillo/Xilinx_2022_2/Vitis_HLS/2022.2/common/technology/xilinx/ip/dds_compiler.gen 
Command         ap_source done; 0.11 sec.
Execute         source /home/caccolillo/Xilinx_2022_2/Vitis_HLS/2022.2/common/technology/xilinx/ip/xfft.gen 
Execute         source /home/caccolillo/Xilinx_2022_2/Vitis_HLS/2022.2/common/technology/xilinx/ip/xfir.gen 
Execute         source /home/caccolillo/Xilinx_2022_2/Vitis_HLS/2022.2/common/technology/xilinx/ip/util.gen 
Execute         source /home/caccolillo/Xilinx_2022_2/Vitis_HLS/2022.2/common/technology/xilinx/DSP48/dsp48.gen 
Command       ap_source done; 0.31 sec.
Execute       ap_part_info -name xc7a35ti-csg324-1L -data info 
Execute       config_compile -quiet -complex-mul-dsp=0 
Command     set_part done; 4.96 sec.
Execute     send_msg_by_id INFO @200-1505@%s%s  vivado 
INFO: [HLS 200-1505] Using flow_target 'vivado'
Execute     send_msg_by_id INFO @200-1464@%s config_export -format=sysgen 
INFO: [HLS 200-1464] Running solution command: config_export -format=sysgen
Execute     config_export -format=sysgen 
Execute     send_msg_by_id INFO @200-1464@%s config_export -output=/home/caccolillo/Documents/model_composer_am_demod/model_composer_models/sqrt_hls 
INFO: [HLS 200-1464] Running solution command: config_export -output=/home/caccolillo/Documents/model_composer_am_demod/model_composer_models/sqrt_hls
Execute     config_export -output=/home/caccolillo/Documents/model_composer_am_demod/model_composer_models/sqrt_hls 
Command   open_solution done; 5.04 sec.
Execute   set_part xc7a35ticsg324-1L 
INFO: [HLS 200-1510] Running: set_part xc7a35ticsg324-1L 
Execute     create_platform xc7a35ticsg324-1L -board  
Execute     source /home/caccolillo/Xilinx_2022_2/Vitis_HLS/2022.2/common/technology/xilinx/common/xilinx.gen 
Execute       source /home/caccolillo/Xilinx_2022_2/Vitis_HLS/2022.2/common/technology/xilinx/interface/plb46.gen 
Execute       source /home/caccolillo/Xilinx_2022_2/Vitis_HLS/2022.2/common/technology/xilinx/interface/axi4.gen 
Execute       source /home/caccolillo/Xilinx_2022_2/Vitis_HLS/2022.2/common/technology/xilinx/interface/nativeAXI4.gen 
Execute         source /home/caccolillo/Xilinx_2022_2/Vitis_HLS/2022.2/common/technology/xilinx/interface/saxilite.gen 
Execute       source /home/caccolillo/Xilinx_2022_2/Vitis_HLS/2022.2/common/technology/xilinx/scripts/xilinxcoregen.gen 
Execute       source /home/caccolillo/Xilinx_2022_2/Vitis_HLS/2022.2/common/technology/xilinx/interface/XilEDKCoreGen.gen 
Execute       source /home/caccolillo/Xilinx_2022_2/Vitis_HLS/2022.2/common/technology/xilinx/ip/dds_compiler.gen 
Execute       source /home/caccolillo/Xilinx_2022_2/Vitis_HLS/2022.2/common/technology/xilinx/ip/xfft.gen 
Execute       source /home/caccolillo/Xilinx_2022_2/Vitis_HLS/2022.2/common/technology/xilinx/ip/xfir.gen 
Execute       source /home/caccolillo/Xilinx_2022_2/Vitis_HLS/2022.2/common/technology/xilinx/ip/util.gen 
Execute       source /home/caccolillo/Xilinx_2022_2/Vitis_HLS/2022.2/common/technology/xilinx/DSP48/dsp48.gen 
Execute     ap_part_info -name xc7a35ti-csg324-1L -data info 
Execute     config_compile -quiet -complex-mul-dsp=0 
Command   set_part done; 0.11 sec.
Execute   create_clock -period 10 -name default 
INFO: [HLS 200-1510] Running: create_clock -period 10 -name default 
Execute     ap_set_clock -name default -period 10 -default=false 
INFO: [SYN 201-201] Setting up clock 'default' with a period of 10ns.
Execute   config_export -format sysgen -output /home/caccolillo/Documents/model_composer_am_demod/model_composer_models/sqrt_hls 
INFO: [HLS 200-1510] Running: config_export -format sysgen -output /home/caccolillo/Documents/model_composer_am_demod/model_composer_models/sqrt_hls 
Execute   export_design -rtl verilog -format sysgen -output /home/caccolillo/Documents/model_composer_am_demod/model_composer_models/sqrt_hls 
INFO: [HLS 200-1510] Running: export_design -rtl verilog -format sysgen -output /home/caccolillo/Documents/model_composer_am_demod/model_composer_models/sqrt_hls 
Execute     config_export -format=sysgen -output=/home/caccolillo/Documents/model_composer_am_demod/model_composer_models/sqrt_hls -rtl=verilog 
INFO-FLOW: DBG:PUTS: export_design_wrap: -format sysgen -rtl verilog
Execute     source /home/caccolillo/Documents/model_composer_am_demod/model_composer_models/sqrt_hls/sqrt_fixed_point/solution1/.autopilot/db/global.setting.tcl 
INFO-FLOW: DBG:PUTS:   auto_impl: pack: -export -rtl verilog
INFO-FLOW: DBG:PROC: ::AESL_AUTOIMPL::auto_impl args='-export -rtl verilog'
Execute     source /home/caccolillo/Documents/model_composer_am_demod/model_composer_models/sqrt_hls/sqrt_fixed_point/solution1/.autopilot/db/global.setting.tcl 
INFO: [IMPL 213-8] Exporting RTL as a Vivado IP.
Execute     source /home/caccolillo/Documents/model_composer_am_demod/model_composer_models/sqrt_hls/sqrt_fixed_point/solution1/.autopilot/db/global.setting.tcl 
INFO-FLOW: DBG:PUTS: automg_wrap -export -pcore_version 1.00.a -rtl vlog -tool Vivado -impltomg_flag
INFO-FLOW: DBG:PROC: ::AESL_AUTOMG::auto_generate args='-export -pcore_version 1.00.a -rtl vlog -tool Vivado -impltomg_flag'
INFO-FLOW: DBG:PUTS:     auto_generate -export -pcore_version 1.00.a -rtl vlog -tool Vivado -impltomg_flag
Execute     source /home/caccolillo/Documents/model_composer_am_demod/model_composer_models/sqrt_hls/sqrt_fixed_point/solution1/.autopilot/db/global.setting.tcl 
INFO-FLOW: DBG:PUTS: read_platform_lib /home/caccolillo/Documents/model_composer_am_demod/model_composer_models/sqrt_hls/sqrt_fixed_point/solution1/.autopilot/db/global.setting.tcl
Execute     source /home/caccolillo/Xilinx_2022_2/Vitis_HLS/2022.2/common/technology/generic/autopilot/common.gen 
Execute       source /home/caccolillo/Xilinx_2022_2/Vitis_HLS/2022.2/common/technology/generic/autopilot/APCoreGen.gen 
Execute     source /home/caccolillo/Xilinx_2022_2/Vitis_HLS/2022.2/common/technology/generic/autopilot/op.gen 
Execute     source /home/caccolillo/Xilinx_2022_2/Vitis_HLS/2022.2/common/technology/generic/autopilot/op_simcore.gen 
Execute     source /home/caccolillo/Xilinx_2022_2/Vitis_HLS/2022.2/common/technology/generic/autopilot/interface.gen 
Execute     source /home/caccolillo/Documents/model_composer_am_demod/model_composer_models/sqrt_hls/sqrt_fixed_point/solution1/.autopilot/db/global.setting.tcl 
Execute     ap_family_info -name artix7 -data parts 
Execute     ap_part_info -name xc7a12ticsg325-1L -data info 
Execute     source /home/caccolillo/Xilinx_2022_2/Vitis_HLS/2022.2/common/technology/xilinx/common/xilinx.gen 
Execute       source /home/caccolillo/Xilinx_2022_2/Vitis_HLS/2022.2/common/technology/xilinx/interface/plb46.gen 
Execute       source /home/caccolillo/Xilinx_2022_2/Vitis_HLS/2022.2/common/technology/xilinx/interface/axi4.gen 
Execute       source /home/caccolillo/Xilinx_2022_2/Vitis_HLS/2022.2/common/technology/xilinx/interface/nativeAXI4.gen 
Execute         source /home/caccolillo/Xilinx_2022_2/Vitis_HLS/2022.2/common/technology/xilinx/interface/saxilite.gen 
Execute       source /home/caccolillo/Xilinx_2022_2/Vitis_HLS/2022.2/common/technology/xilinx/scripts/xilinxcoregen.gen 
Execute       source /home/caccolillo/Xilinx_2022_2/Vitis_HLS/2022.2/common/technology/xilinx/interface/XilEDKCoreGen.gen 
Execute       source /home/caccolillo/Xilinx_2022_2/Vitis_HLS/2022.2/common/technology/xilinx/ip/dds_compiler.gen 
Execute       source /home/caccolillo/Xilinx_2022_2/Vitis_HLS/2022.2/common/technology/xilinx/ip/xfft.gen 
Execute       source /home/caccolillo/Xilinx_2022_2/Vitis_HLS/2022.2/common/technology/xilinx/ip/xfir.gen 
Execute       source /home/caccolillo/Xilinx_2022_2/Vitis_HLS/2022.2/common/technology/xilinx/ip/util.gen 
Execute       source /home/caccolillo/Xilinx_2022_2/Vitis_HLS/2022.2/common/technology/xilinx/DSP48/dsp48.gen 
INFO-FLOW: DBG:PUTS:   using AESL_AUTOCG::g_clock_period=10.000 (was NA)
INFO-FLOW: DBG:PUTS:       initCTypeInfo top_module=fxp_sqrt_top xml_exists=0
Execute     source /home/caccolillo/Documents/model_composer_am_demod/model_composer_models/sqrt_hls/sqrt_fixed_point/solution1/.autopilot/db/fxp_sqrt_top.rtl_wrap.cfg.tcl 
Execute     source /home/caccolillo/Documents/model_composer_am_demod/model_composer_models/sqrt_hls/sqrt_fixed_point/solution1/.autopilot/db/fxp_sqrt_top.rtl_wrap.cfg.tcl 
Execute     source /home/caccolillo/Documents/model_composer_am_demod/model_composer_models/sqrt_hls/sqrt_fixed_point/solution1/.autopilot/db/fxp_sqrt_top.rtl_wrap.cfg.tcl 
Execute     source /home/caccolillo/Documents/model_composer_am_demod/model_composer_models/sqrt_hls/sqrt_fixed_point/solution1/.autopilot/db/fxp_sqrt_top.tbgen.tcl 
Execute     source /home/caccolillo/Documents/model_composer_am_demod/model_composer_models/sqrt_hls/sqrt_fixed_point/solution1/.autopilot/db/fxp_sqrt_top.tbgen.tcl 
Execute     source /home/caccolillo/Documents/model_composer_am_demod/model_composer_models/sqrt_hls/sqrt_fixed_point/solution1/.autopilot/db/global.setting.tcl 
Execute     source /home/caccolillo/Documents/model_composer_am_demod/model_composer_models/sqrt_hls/sqrt_fixed_point/solution1/.autopilot/db/fxp_sqrt_top.tbgen.tcl 
INFO-FLOW: DBG:PUTS:       cosim_export_main adding deadlock detection to fxp_sqrt_top
INFO-FLOW: DBG:PUTS: Skipping loadAnalyze_DB, #g_database=2
INFO-FLOW: DBG:PUTS:       generate_json generate_bd_files=0 generate_xo_files=false #modelList=3 #gSsdmPorts=0
INFO-FLOW: DBG:PROC: ::AP::DESIGN_DATA::generate_json generate_bd_files='0' generate_xo_files='false' modelList='fxp_sqrt_top_flow_control_loop_pipe_sequential_init
fxp_sqrt_top_Pipeline_VITIS_LOOP_89_1
fxp_sqrt_top
' rtl_lang='vlog' bootstrap_tcl='false' outdir='' outfilename=''
Execute     source /home/caccolillo/Xilinx_2022_2/Vitis_HLS/2022.2/tps/tcl/tcllib1.11.1/yaml/huddle.tcl 
Execute     source /home/caccolillo/Xilinx_2022_2/Vitis_HLS/2022.2/tps/tcl/tcllib1.11.1/yaml/json2huddle.tcl 
Execute     source /home/caccolillo/Documents/model_composer_am_demod/model_composer_models/sqrt_hls/sqrt_fixed_point/solution1/.autopilot/db/global.setting.tcl 
Execute     source /home/caccolillo/Documents/model_composer_am_demod/model_composer_models/sqrt_hls/sqrt_fixed_point/solution1/.autopilot/db/global.setting.tcl 
Execute     source /home/caccolillo/Documents/model_composer_am_demod/model_composer_models/sqrt_hls/sqrt_fixed_point/solution1/.autopilot/db/top-io-be.tcl 
Execute     source /home/caccolillo/Documents/model_composer_am_demod/model_composer_models/sqrt_hls/sqrt_fixed_point/solution1/.autopilot/db/fxp_sqrt_top.tbgen.tcl 
Execute     source /home/caccolillo/Documents/model_composer_am_demod/model_composer_models/sqrt_hls/sqrt_fixed_point/solution1/.autopilot/db/fxp_sqrt_top.rtl_wrap.cfg.tcl 
Execute     source /home/caccolillo/Documents/model_composer_am_demod/model_composer_models/sqrt_hls/sqrt_fixed_point/solution1/.autopilot/db/fxp_sqrt_top.compgen.dataonly.tcl 
Execute     source /home/caccolillo/Documents/model_composer_am_demod/model_composer_models/sqrt_hls/sqrt_fixed_point/solution1/.autopilot/db/fxp_sqrt_top_Pipeline_VITIS_LOOP_89_1.tbgen.tcl 
Execute     source /home/caccolillo/Documents/model_composer_am_demod/model_composer_models/sqrt_hls/sqrt_fixed_point/solution1/.autopilot/db/fxp_sqrt_top.tbgen.tcl 
Execute     source /home/caccolillo/Documents/model_composer_am_demod/model_composer_models/sqrt_hls/sqrt_fixed_point/solution1/.autopilot/db/global.setting.tcl 
Execute     ap_part_info -name xc7a35ti-csg324-1L -data names -quiet 
Execute     ap_part_info -name xc7a35ti-csg324-1L -data info -quiet 
Execute     source /home/caccolillo/Documents/model_composer_am_demod/model_composer_models/sqrt_hls/sqrt_fixed_point/solution1/.autopilot/db/fxp_sqrt_top.constraint.tcl 
Execute     sc_get_clocks fxp_sqrt_top 
Execute     source /home/caccolillo/Documents/model_composer_am_demod/model_composer_models/sqrt_hls/sqrt_fixed_point/solution1/.autopilot/db/global.setting.tcl 
Execute     source /home/caccolillo/Documents/model_composer_am_demod/model_composer_models/sqrt_hls/sqrt_fixed_point/solution1/.autopilot/db/global.setting.tcl 
Execute     source /home/caccolillo/Documents/model_composer_am_demod/model_composer_models/sqrt_hls/sqrt_fixed_point/solution1/.autopilot/db/fxp_sqrt_top.tbgen.tcl 
INFO-FLOW: DBG:PUTS:       cosim_export_main adding deadlock detection to fxp_sqrt_top
INFO-FLOW: DBG:PUTS:       generate_ip_script #gSsdmPorts=0 g_lang=vlog is_sdaccel=false is_sdsoc=true xo_file=
Execute     ap_part_info -name xc7a35ti-csg324-1L -data names -quiet 
Execute     ap_part_info -name xc7a35ti-csg324-1L -data info -quiet 
Execute     ap_part_info -name xc7a35ti-csg324-1L -data names -quiet 
Execute     ap_part_info -name xc7a35ti-csg324-1L -data info -quiet 
Execute     source /home/caccolillo/Documents/model_composer_am_demod/model_composer_models/sqrt_hls/sqrt_fixed_point/solution1/.autopilot/db/fxp_sqrt_top.tbgen.tcl 
Execute     source /home/caccolillo/Documents/model_composer_am_demod/model_composer_models/sqrt_hls/sqrt_fixed_point/solution1/.autopilot/db/fxp_sqrt_top.tbgen.tcl 
Execute     source /home/caccolillo/Documents/model_composer_am_demod/model_composer_models/sqrt_hls/sqrt_fixed_point/solution1/.autopilot/db/fxp_sqrt_top.tbgen.tcl 
Execute     source /home/caccolillo/Documents/model_composer_am_demod/model_composer_models/sqrt_hls/sqrt_fixed_point/solution1/.autopilot/db/global.setting.tcl 
INFO-FLOW: DBG:PUTS:       generate_top_info
INFO-FLOW: DBG:PUTS:       prepArgInfo -> loadAnalyze_DB top_module=fxp_sqrt_top
Execute     source /home/caccolillo/Documents/model_composer_am_demod/model_composer_models/sqrt_hls/sqrt_fixed_point/solution1/.autopilot/db/fxp_sqrt_top.rtl_wrap.cfg.tcl 
Execute     source /home/caccolillo/Documents/model_composer_am_demod/model_composer_models/sqrt_hls/sqrt_fixed_point/solution1/.autopilot/db/fxp_sqrt_top.rtl_wrap.cfg.tcl 
Execute     source /home/caccolillo/Documents/model_composer_am_demod/model_composer_models/sqrt_hls/sqrt_fixed_point/solution1/.autopilot/db/fxp_sqrt_top.rtl_wrap.cfg.tcl 
Execute     source /home/caccolillo/Documents/model_composer_am_demod/model_composer_models/sqrt_hls/sqrt_fixed_point/solution1/.autopilot/db/fxp_sqrt_top.tbgen.tcl 
Execute     source /home/caccolillo/Documents/model_composer_am_demod/model_composer_models/sqrt_hls/sqrt_fixed_point/solution1/.autopilot/db/fxp_sqrt_top.tbgen.tcl 
Execute     ap_part_info -name xc7a35ti-csg324-1L -data names -quiet 
Execute     ap_part_info -name xc7a35ti-csg324-1L -data info -quiet 
Execute     ap_part_info -name xc7a35ti-csg324-1L -data names -quiet 
Execute     ap_part_info -name xc7a35ti-csg324-1L -data info -quiet 
Execute     source /home/caccolillo/Documents/model_composer_am_demod/model_composer_models/sqrt_hls/sqrt_fixed_point/solution1/.autopilot/db/fxp_sqrt_top.tbgen.tcl 
Execute     source /home/caccolillo/Documents/model_composer_am_demod/model_composer_models/sqrt_hls/sqrt_fixed_point/solution1/.autopilot/db/global.setting.tcl 
Execute     source /home/caccolillo/Documents/model_composer_am_demod/model_composer_models/sqrt_hls/sqrt_fixed_point/solution1/.autopilot/db/fxp_sqrt_top.constraint.tcl 
INFO-FLOW: DBG:PUTS:       generate_ipi_example_script
Execute     ap_part_info -name xc7a35ti-csg324-1L -data names -quiet 
Execute     ap_part_info -name xc7a35ti-csg324-1L -data info -quiet 
Execute     ap_part_info -name xc7a35ti-csg324-1L -data names -quiet 
Execute     ap_part_info -name xc7a35ti-csg324-1L -data info -quiet 
INFO-FLOW: DBG:PUTS:       generate_syn_sh
Execute     ap_part_info -name xc7a35ti-csg324-1L -data names -quiet 
Execute     ap_part_info -name xc7a35ti-csg324-1L -data info -quiet 
Execute     source /home/caccolillo/Documents/model_composer_am_demod/model_composer_models/sqrt_hls/sqrt_fixed_point/solution1/.autopilot/db/global.setting.tcl 
INFO-FLOW: DBG:PUTS:       generate_imp_constraints
Execute     ap_part_info -name xc7a35ti-csg324-1L -data names -quiet 
Execute     ap_part_info -name xc7a35ti-csg324-1L -data info -quiet 
Execute     source /home/caccolillo/Documents/model_composer_am_demod/model_composer_models/sqrt_hls/sqrt_fixed_point/solution1/.autopilot/db/fxp_sqrt_top.constraint.tcl 
Execute     source /home/caccolillo/Documents/model_composer_am_demod/model_composer_models/sqrt_hls/sqrt_fixed_point/solution1/.autopilot/db/fxp_sqrt_top.tbgen.tcl 
INFO-FLOW: DBG:PUTS:       delete-temp-dirs (skipped for debug)
Execute     ap_part_info -name xc7a35ti-csg324-1L -data names -quiet 
Execute     ap_part_info -name xc7a35ti-csg324-1L -data info -quiet 
INFO-FLOW: DBG:PUTS: read_platform_lib /home/caccolillo/Documents/model_composer_am_demod/model_composer_models/sqrt_hls/sqrt_fixed_point/solution1/.autopilot/db/global.setting.tcl
Execute     source /home/caccolillo/Xilinx_2022_2/Vitis_HLS/2022.2/common/technology/generic/autopilot/common.gen 
Execute       source /home/caccolillo/Xilinx_2022_2/Vitis_HLS/2022.2/common/technology/generic/autopilot/APCoreGen.gen 
Execute     source /home/caccolillo/Xilinx_2022_2/Vitis_HLS/2022.2/common/technology/generic/autopilot/op.gen 
Execute     source /home/caccolillo/Xilinx_2022_2/Vitis_HLS/2022.2/common/technology/generic/autopilot/op_simcore.gen 
Execute     source /home/caccolillo/Xilinx_2022_2/Vitis_HLS/2022.2/common/technology/generic/autopilot/interface.gen 
Execute     source /home/caccolillo/Documents/model_composer_am_demod/model_composer_models/sqrt_hls/sqrt_fixed_point/solution1/.autopilot/db/global.setting.tcl 
Execute     ap_family_info -name artix7 -data parts 
Execute     ap_part_info -name xc7a12ticsg325-1L -data info 
Execute     source /home/caccolillo/Xilinx_2022_2/Vitis_HLS/2022.2/common/technology/xilinx/common/xilinx.gen 
Execute       source /home/caccolillo/Xilinx_2022_2/Vitis_HLS/2022.2/common/technology/xilinx/interface/plb46.gen 
Execute       source /home/caccolillo/Xilinx_2022_2/Vitis_HLS/2022.2/common/technology/xilinx/interface/axi4.gen 
Execute       source /home/caccolillo/Xilinx_2022_2/Vitis_HLS/2022.2/common/technology/xilinx/interface/nativeAXI4.gen 
Execute         source /home/caccolillo/Xilinx_2022_2/Vitis_HLS/2022.2/common/technology/xilinx/interface/saxilite.gen 
Execute       source /home/caccolillo/Xilinx_2022_2/Vitis_HLS/2022.2/common/technology/xilinx/scripts/xilinxcoregen.gen 
Execute       source /home/caccolillo/Xilinx_2022_2/Vitis_HLS/2022.2/common/technology/xilinx/interface/XilEDKCoreGen.gen 
Execute       source /home/caccolillo/Xilinx_2022_2/Vitis_HLS/2022.2/common/technology/xilinx/ip/dds_compiler.gen 
Execute       source /home/caccolillo/Xilinx_2022_2/Vitis_HLS/2022.2/common/technology/xilinx/ip/xfft.gen 
Execute       source /home/caccolillo/Xilinx_2022_2/Vitis_HLS/2022.2/common/technology/xilinx/ip/xfir.gen 
Execute       source /home/caccolillo/Xilinx_2022_2/Vitis_HLS/2022.2/common/technology/xilinx/ip/util.gen 
Execute       source /home/caccolillo/Xilinx_2022_2/Vitis_HLS/2022.2/common/technology/xilinx/DSP48/dsp48.gen 
INFO-FLOW: DBG:PUTS:     IP package: exec /home/caccolillo/Documents/model_composer_am_demod/model_composer_models/sqrt_hls/sqrt_fixed_point/solution1/impl/ip/pack.sh
INFO-FLOW: DBG:PUTS:     IP package: success /home/caccolillo/Documents/model_composer_am_demod/model_composer_models/sqrt_hls/sqrt_fixed_point/solution1/impl/ip/pack.sh
Execute     send_msg_by_id INFO @200-802@%s export.zip 
INFO: [HLS 200-802] Generated output file export.zip
Command   export_design done; 54.69 sec.
INFO: [HLS 200-111] Finished Command export_design CPU user time: 10.04 seconds. CPU system time: 2.16 seconds. Elapsed time: 54.69 seconds; current allocated memory: 5.680 MB.
Command ap_source done; 69.97 sec.
Execute cleanup_all 
