/home/caccolillo/Documents/model_composer_am_demod/model_composer_models/sqrt_hls/sqrt_fixed_point/solution1/.autopilot/db/fxp_sqrt_top.pp.0.cpp:1336:7: warning: Added loop label VITIS_LOOP_1211_1:   [xilinx-label-all-loops]
      for (i = 0; i < __N - 1; ++i) {
      ^~~
      VITIS_LOOP_1211_1: 
/home/caccolillo/Documents/model_composer_am_demod/model_composer_models/sqrt_hls/sqrt_fixed_point/solution1/.autopilot/db/fxp_sqrt_top.pp.0.cpp:1336:7: note: FIX-IT applied suggested code changes
/home/caccolillo/Documents/model_composer_am_demod/model_composer_models/sqrt_hls/sqrt_fixed_point/solution1/.autopilot/db/fxp_sqrt_top.pp.0.cpp:2310:5: warning: Added loop label VITIS_LOOP_676_1:   [xilinx-label-all-loops]
    for (unsigned i = low; i != high; ++i) {
    ^~~
    VITIS_LOOP_676_1: 
/home/caccolillo/Documents/model_composer_am_demod/model_composer_models/sqrt_hls/sqrt_fixed_point/solution1/.autopilot/db/fxp_sqrt_top.pp.0.cpp:2310:5: note: FIX-IT applied suggested code changes
/home/caccolillo/Documents/model_composer_am_demod/model_composer_models/sqrt_hls/sqrt_fixed_point/solution1/.autopilot/db/fxp_sqrt_top.pp.0.cpp:2324:5: warning: Added loop label VITIS_LOOP_690_1:   [xilinx-label-all-loops]
    for (unsigned i = low; i != high; ++i) {
    ^~~
    VITIS_LOOP_690_1: 
/home/caccolillo/Documents/model_composer_am_demod/model_composer_models/sqrt_hls/sqrt_fixed_point/solution1/.autopilot/db/fxp_sqrt_top.pp.0.cpp:2324:5: note: FIX-IT applied suggested code changes
/home/caccolillo/Documents/model_composer_am_demod/model_composer_models/sqrt_hls/sqrt_fixed_point/solution1/.autopilot/db/fxp_sqrt_top.pp.0.cpp:2338:5: warning: Added loop label VITIS_LOOP_704_1:   [xilinx-label-all-loops]
    for (unsigned i = low; i != high; ++i) {
    ^~~
    VITIS_LOOP_704_1: 
/home/caccolillo/Documents/model_composer_am_demod/model_composer_models/sqrt_hls/sqrt_fixed_point/solution1/.autopilot/db/fxp_sqrt_top.pp.0.cpp:2338:5: note: FIX-IT applied suggested code changes
/home/caccolillo/Documents/model_composer_am_demod/model_composer_models/sqrt_hls/sqrt_fixed_point/solution1/.autopilot/db/fxp_sqrt_top.pp.0.cpp:3937:7: warning: Added loop label VITIS_LOOP_1245_1:   [xilinx-label-all-loops]
      for (i = 0; i < __N - 1; ++i) {
      ^~~
      VITIS_LOOP_1245_1: 
/home/caccolillo/Documents/model_composer_am_demod/model_composer_models/sqrt_hls/sqrt_fixed_point/solution1/.autopilot/db/fxp_sqrt_top.pp.0.cpp:3937:7: note: FIX-IT applied suggested code changes
/home/caccolillo/Documents/model_composer_am_demod/model_composer_models/sqrt_hls/sqrt_fixed_point/solution1/.autopilot/db/fxp_sqrt_top.pp.0.cpp:5807:5: warning: Added loop label VITIS_LOOP_89_1:   [xilinx-label-all-loops]
    for (int i = 0; i <= ROOT_PREC; i++) {
    ^~~
    VITIS_LOOP_89_1: 
/home/caccolillo/Documents/model_composer_am_demod/model_composer_models/sqrt_hls/sqrt_fixed_point/solution1/.autopilot/db/fxp_sqrt_top.pp.0.cpp:5807:5: note: FIX-IT applied suggested code changes
